Epoch 0: Reached 5000 samples, ending early with 5012 samples.
Epoch 0, Mean Reward: -86.74
Epoch 1: Reached 5000 samples, ending early with 5949 samples.
Epoch 1, Mean Reward: -101.04
Epoch 2: Reached 5000 samples, ending early with 5484 samples.
Epoch 2, Mean Reward: -95.69
Epoch 3: Reached 5000 samples, ending early with 5014 samples.
Epoch 3, Mean Reward: -75.23
Epoch 4: Reached 5000 samples, ending early with 5033 samples.
Epoch 4, Mean Reward: -74.99
Epoch 5: Reached 5000 samples, ending early with 5173 samples.
Epoch 5, Mean Reward: -90.89
Epoch 6: Reached 5000 samples, ending early with 5048 samples.
Epoch 6, Mean Reward: -93.99
Epoch 7: Reached 5000 samples, ending early with 5056 samples.
Epoch 7, Mean Reward: -61.36
Epoch 8: Reached 5000 samples, ending early with 5506 samples.
Epoch 8, Mean Reward: -113.29
Epoch 9: Reached 5000 samples, ending early with 5097 samples.
Epoch 9, Mean Reward: -55.89
Epoch 10: Reached 5000 samples, ending early with 5504 samples.
Epoch 10, Mean Reward: -135.23
Epoch 11: Reached 5000 samples, ending early with 5085 samples.
Epoch 11, Mean Reward: -130.42
Epoch 12: Reached 5000 samples, ending early with 5281 samples.
Epoch 12, Mean Reward: -89.17
Epoch 13: Reached 5000 samples, ending early with 5860 samples.
Epoch 13, Mean Reward: -74.49
Epoch 14: Reached 5000 samples, ending early with 5083 samples.
Epoch 14, Mean Reward: -104.08
Epoch 15: Reached 5000 samples, ending early with 5360 samples.
Epoch 15, Mean Reward: -95.88
Epoch 16: Reached 5000 samples, ending early with 5038 samples.
Epoch 16, Mean Reward: -52.70
Epoch 17: Reached 5000 samples, ending early with 5183 samples.
Epoch 17, Mean Reward: -144.54
Epoch 18: Reached 5000 samples, ending early with 5113 samples.
Epoch 18, Mean Reward: -67.50
Epoch 19: Reached 5000 samples, ending early with 5419 samples.
Eval at 105298 samples: -92.16
Epoch 19, Mean Reward: -81.19
Epoch 20: Reached 5000 samples, ending early with 5306 samples.
Epoch 20, Mean Reward: -333.37
Epoch 21: Reached 5000 samples, ending early with 5889 samples.
Epoch 21, Mean Reward: -100.91
Epoch 22: Reached 5000 samples, ending early with 5077 samples.
Epoch 22, Mean Reward: -75.84
Epoch 23: Reached 5000 samples, ending early with 5896 samples.
Epoch 23, Mean Reward: -81.76
Epoch 24: Reached 5000 samples, ending early with 5026 samples.
Epoch 24, Mean Reward: -114.05
Epoch 25: Reached 5000 samples, ending early with 5063 samples.
Epoch 25, Mean Reward: -72.43
Epoch 26: Reached 5000 samples, ending early with 5161 samples.
Epoch 26, Mean Reward: -74.32
Epoch 27: Reached 5000 samples, ending early with 5047 samples.
Epoch 27, Mean Reward: -102.66
Epoch 28: Reached 5000 samples, ending early with 5027 samples.
Epoch 28, Mean Reward: -75.67
Epoch 29: Reached 5000 samples, ending early with 5034 samples.
Epoch 29, Mean Reward: -93.77
Epoch 30: Reached 5000 samples, ending early with 5048 samples.
Epoch 30, Mean Reward: -63.75
Epoch 31: Reached 5000 samples, ending early with 5248 samples.
Epoch 31, Mean Reward: -139.97
Epoch 32: Reached 5000 samples, ending early with 5100 samples.
Epoch 32, Mean Reward: -119.55
Epoch 33: Reached 5000 samples, ending early with 5720 samples.
Epoch 33, Mean Reward: -75.16
Epoch 34: Reached 5000 samples, ending early with 5802 samples.
Epoch 34, Mean Reward: -96.06
Epoch 35: Reached 5000 samples, ending early with 5633 samples.
Epoch 35, Mean Reward: -100.24
Epoch 36: Reached 5000 samples, ending early with 5186 samples.
Epoch 36, Mean Reward: -164.97
Epoch 37: Reached 5000 samples, ending early with 5103 samples.
Eval at 200664 samples: -72.78
Epoch 37, Mean Reward: -54.40
Epoch 38: Reached 5000 samples, ending early with 5556 samples.
Epoch 38, Mean Reward: -131.12
Epoch 39: Reached 5000 samples, ending early with 5997 samples.
Epoch 39, Mean Reward: -88.96
Epoch 40: Reached 5000 samples, ending early with 5044 samples.
Epoch 40, Mean Reward: -62.91
Epoch 41: Reached 5000 samples, ending early with 5317 samples.
Epoch 41, Mean Reward: -105.58
Epoch 42: Reached 5000 samples, ending early with 5024 samples.
Epoch 42, Mean Reward: -132.63
Epoch 43: Reached 5000 samples, ending early with 5876 samples.
Epoch 43, Mean Reward: -110.27
Epoch 44: Reached 5000 samples, ending early with 5731 samples.
Epoch 44, Mean Reward: -204.19
Epoch 45: Reached 5000 samples, ending early with 5047 samples.
Epoch 45, Mean Reward: -132.53
Epoch 46: Reached 5000 samples, ending early with 5001 samples.
Epoch 46, Mean Reward: -73.95
Epoch 47: Reached 5000 samples, ending early with 5121 samples.
Epoch 47, Mean Reward: -73.13
Epoch 48: Reached 5000 samples, ending early with 5870 samples.
Epoch 48, Mean Reward: -58.29
Epoch 49: Reached 5000 samples, ending early with 5103 samples.
Epoch 49, Mean Reward: -64.02
Epoch 50: Reached 5000 samples, ending early with 5958 samples.
Epoch 50, Mean Reward: -135.37
Epoch 51: Reached 5000 samples, ending early with 5218 samples.
Epoch 51, Mean Reward: -139.99
Epoch 52: Reached 5000 samples, ending early with 5049 samples.
Epoch 52, Mean Reward: -103.63
Epoch 53: Reached 5000 samples, ending early with 5047 samples.
Epoch 53, Mean Reward: -53.13
Epoch 54: Reached 5000 samples, ending early with 5208 samples.
Epoch 54, Mean Reward: -62.38
Epoch 55: Reached 5000 samples, ending early with 5033 samples.
Epoch 55, Mean Reward: -137.45
Epoch 56: Reached 5000 samples, ending early with 5037 samples.
Eval at 301901 samples: -71.52
Epoch 56, Mean Reward: -61.85
Epoch 57: Reached 5000 samples, ending early with 5054 samples.
Epoch 57, Mean Reward: -73.22
Epoch 58: Reached 5000 samples, ending early with 5822 samples.
Epoch 58, Mean Reward: -94.17
Epoch 59: Reached 5000 samples, ending early with 5671 samples.
Epoch 59, Mean Reward: -93.27
Epoch 60: Reached 5000 samples, ending early with 5039 samples.
Epoch 60, Mean Reward: -89.28
Epoch 61: Reached 5000 samples, ending early with 5100 samples.
Epoch 61, Mean Reward: -69.43
Epoch 62: Reached 5000 samples, ending early with 5056 samples.
Epoch 62, Mean Reward: -113.81
Epoch 63: Reached 5000 samples, ending early with 5679 samples.
Epoch 63, Mean Reward: -83.34
Epoch 64: Reached 5000 samples, ending early with 5058 samples.
Epoch 64, Mean Reward: -84.90
Epoch 65: Reached 5000 samples, ending early with 5112 samples.
Epoch 65, Mean Reward: -56.15
Epoch 66: Reached 5000 samples, ending early with 5532 samples.
Epoch 66, Mean Reward: -230.18
Epoch 67: Reached 5000 samples, ending early with 5050 samples.
Epoch 67, Mean Reward: -61.78
Epoch 68: Reached 5000 samples, ending early with 5545 samples.
Epoch 68, Mean Reward: -118.46
Epoch 69: Reached 5000 samples, ending early with 5112 samples.
Epoch 69, Mean Reward: -77.72
Epoch 70: Reached 5000 samples, ending early with 5274 samples.
Epoch 70, Mean Reward: -122.13
Epoch 71: Reached 5000 samples, ending early with 5036 samples.
Epoch 71, Mean Reward: -96.06
Epoch 72: Reached 5000 samples, ending early with 5897 samples.
Epoch 72, Mean Reward: -60.14
Epoch 73: Reached 5000 samples, ending early with 5637 samples.
Epoch 73, Mean Reward: -53.94
Epoch 74: Reached 5000 samples, ending early with 5228 samples.
Epoch 74, Mean Reward: -51.08
Epoch 75: Reached 5000 samples, ending early with 5133 samples.
Eval at 402936 samples: -68.35
Epoch 75, Mean Reward: -76.59
Epoch 76: Reached 5000 samples, ending early with 5012 samples.
Epoch 76, Mean Reward: -48.27
Epoch 77: Reached 5000 samples, ending early with 5005 samples.
Epoch 77, Mean Reward: -56.48
Epoch 78: Reached 5000 samples, ending early with 5095 samples.
Epoch 78, Mean Reward: -63.72
Epoch 79: Reached 5000 samples, ending early with 5059 samples.
Epoch 79, Mean Reward: -56.68
Epoch 80: Reached 5000 samples, ending early with 5675 samples.
Epoch 80, Mean Reward: -93.57
Epoch 81: Reached 5000 samples, ending early with 5571 samples.
Epoch 81, Mean Reward: -97.23
Epoch 82: Reached 5000 samples, ending early with 5760 samples.
Epoch 82, Mean Reward: -57.95
Epoch 83: Reached 5000 samples, ending early with 5560 samples.
Epoch 83, Mean Reward: -115.71
Epoch 84: Reached 5000 samples, ending early with 5117 samples.
Epoch 84, Mean Reward: -78.21
Epoch 85: Reached 5000 samples, ending early with 5036 samples.
Epoch 85, Mean Reward: -69.74
Epoch 86: Reached 5000 samples, ending early with 5263 samples.
Epoch 86, Mean Reward: -50.89
Epoch 87: Reached 5000 samples, ending early with 5646 samples.
Epoch 87, Mean Reward: -79.82
Epoch 88: Reached 5000 samples, ending early with 5161 samples.
Epoch 88, Mean Reward: -87.41
Epoch 89: Reached 5000 samples, ending early with 5085 samples.
Epoch 89, Mean Reward: -85.90
Epoch 90: Reached 5000 samples, ending early with 5984 samples.
Epoch 90, Mean Reward: -79.30
Epoch 91: Reached 5000 samples, ending early with 5086 samples.
Epoch 91, Mean Reward: -116.84
Epoch 92: Reached 5000 samples, ending early with 5200 samples.
Epoch 92, Mean Reward: -109.75
Epoch 93: Reached 5000 samples, ending early with 5018 samples.
Epoch 93, Mean Reward: -125.68
Epoch 94: Reached 5000 samples, ending early with 5462 samples.
Eval at 503731 samples: -41.77
Epoch 94, Mean Reward: -97.50
Epoch 95: Reached 5000 samples, ending early with 5037 samples.
Epoch 95, Mean Reward: -182.04
Epoch 96: Reached 5000 samples, ending early with 5114 samples.
Epoch 96, Mean Reward: -59.58
Epoch 97: Reached 5000 samples, ending early with 5099 samples.
Epoch 97, Mean Reward: -62.79
Epoch 98: Reached 5000 samples, ending early with 5575 samples.
Epoch 98, Mean Reward: -120.65
Epoch 99: Reached 5000 samples, ending early with 5657 samples.
Epoch 99, Mean Reward: -78.27
Epoch 100: Reached 5000 samples, ending early with 5866 samples.
Epoch 100, Mean Reward: -98.16
Epoch 101: Reached 5000 samples, ending early with 5064 samples.
Epoch 101, Mean Reward: -104.22
Epoch 102: Reached 5000 samples, ending early with 5083 samples.
Epoch 102, Mean Reward: -100.65
Epoch 103: Reached 5000 samples, ending early with 5100 samples.
Epoch 103, Mean Reward: -82.26
Epoch 104: Reached 5000 samples, ending early with 5661 samples.
Epoch 104, Mean Reward: -77.16
Epoch 105: Reached 5000 samples, ending early with 5031 samples.
Epoch 105, Mean Reward: -81.04
Epoch 106: Reached 5000 samples, ending early with 5094 samples.
Epoch 106, Mean Reward: -72.65
Epoch 107: Reached 5000 samples, ending early with 5071 samples.
Epoch 107, Mean Reward: -72.69
Epoch 108: Reached 5000 samples, ending early with 5052 samples.
Epoch 108, Mean Reward: -68.23
Epoch 109: Reached 5000 samples, ending early with 5885 samples.
Epoch 109, Mean Reward: -106.00
Epoch 110: Reached 5000 samples, ending early with 5821 samples.
Epoch 110, Mean Reward: -97.50
Epoch 111: Reached 5000 samples, ending early with 5262 samples.
Epoch 111, Mean Reward: -72.40
Epoch 112: Reached 5000 samples, ending early with 5025 samples.
Epoch 112, Mean Reward: -83.62
Epoch 113: Reached 5000 samples, ending early with 5022 samples.
Eval at 604250 samples: -41.84
Epoch 113, Mean Reward: -120.75
Epoch 114: Reached 5000 samples, ending early with 5153 samples.
Epoch 114, Mean Reward: -117.37
Epoch 115: Reached 5000 samples, ending early with 5010 samples.
Epoch 115, Mean Reward: -50.14
Epoch 116: Reached 5000 samples, ending early with 5001 samples.
Epoch 116, Mean Reward: -71.80
Epoch 117: Reached 5000 samples, ending early with 5032 samples.
Epoch 117, Mean Reward: -54.29
Epoch 118: Reached 5000 samples, ending early with 5070 samples.
Epoch 118, Mean Reward: -77.19
Epoch 119: Reached 5000 samples, ending early with 5982 samples.
Epoch 119, Mean Reward: -46.07
Epoch 120: Reached 5000 samples, ending early with 5138 samples.
Epoch 120, Mean Reward: -99.85
Epoch 121: Reached 5000 samples, ending early with 5017 samples.
Epoch 121, Mean Reward: -52.10
Epoch 122: Reached 5000 samples, ending early with 5942 samples.
Epoch 122, Mean Reward: -68.71
Epoch 123: Reached 5000 samples, ending early with 5112 samples.
Epoch 123, Mean Reward: -81.35
Epoch 124: Reached 5000 samples, ending early with 5905 samples.
Epoch 124, Mean Reward: -109.89
Epoch 125: Reached 5000 samples, ending early with 5000 samples.
Epoch 125, Mean Reward: -53.71
Epoch 126: Reached 5000 samples, ending early with 5336 samples.
Epoch 126, Mean Reward: -101.86
Epoch 127: Reached 5000 samples, ending early with 5034 samples.
Epoch 127, Mean Reward: -116.92
Epoch 128: Reached 5000 samples, ending early with 5038 samples.
Epoch 128, Mean Reward: -51.06
Epoch 129: Reached 5000 samples, ending early with 5774 samples.
Epoch 129, Mean Reward: -72.53
Epoch 130: Reached 5000 samples, ending early with 5950 samples.
Epoch 130, Mean Reward: -76.05
Epoch 131: Reached 5000 samples, ending early with 5359 samples.
Eval at 700103 samples: -56.50
Epoch 131, Mean Reward: -75.76
Epoch 132: Reached 5000 samples, ending early with 5475 samples.
Epoch 132, Mean Reward: -63.43
Epoch 133: Reached 5000 samples, ending early with 5017 samples.
Epoch 133, Mean Reward: -105.12
Epoch 134: Reached 5000 samples, ending early with 5842 samples.
Epoch 134, Mean Reward: -71.12
Epoch 135: Reached 5000 samples, ending early with 5592 samples.
Epoch 135, Mean Reward: -124.10
Epoch 136: Reached 5000 samples, ending early with 5229 samples.
Epoch 136, Mean Reward: -70.30
Epoch 137: Reached 5000 samples, ending early with 5152 samples.
Epoch 137, Mean Reward: -56.81
Epoch 138: Reached 5000 samples, ending early with 5021 samples.
Epoch 138, Mean Reward: -83.41
Epoch 139: Reached 5000 samples, ending early with 5019 samples.
Epoch 139, Mean Reward: -67.90
Epoch 140: Reached 5000 samples, ending early with 5024 samples.
Epoch 140, Mean Reward: -72.05
Epoch 141: Reached 5000 samples, ending early with 5682 samples.
Epoch 141, Mean Reward: -117.95
Epoch 142: Reached 5000 samples, ending early with 5836 samples.
Epoch 142, Mean Reward: -58.09
Epoch 143: Reached 5000 samples, ending early with 5102 samples.
Epoch 143, Mean Reward: -151.28
Epoch 144: Reached 5000 samples, ending early with 5527 samples.
Epoch 144, Mean Reward: -103.70
Epoch 145: Reached 5000 samples, ending early with 5455 samples.
Epoch 145, Mean Reward: -168.82
Epoch 146: Reached 5000 samples, ending early with 5019 samples.
Epoch 146, Mean Reward: -57.63
Epoch 147: Reached 5000 samples, ending early with 5013 samples.
Epoch 147, Mean Reward: -74.78
Epoch 148: Reached 5000 samples, ending early with 5086 samples.
Epoch 148, Mean Reward: -81.74
Epoch 149: Reached 5000 samples, ending early with 5679 samples.
Epoch 149, Mean Reward: -72.66
Epoch 150: Reached 5000 samples, ending early with 5837 samples.
Eval at 801710 samples: -35.27
Epoch 150, Mean Reward: -106.77
Epoch 151: Reached 5000 samples, ending early with 5093 samples.
Epoch 151, Mean Reward: -53.55
Epoch 152: Reached 5000 samples, ending early with 5005 samples.
Epoch 152, Mean Reward: -79.45
Epoch 153: Reached 5000 samples, ending early with 5779 samples.
Epoch 153, Mean Reward: -58.12
Epoch 154: Reached 5000 samples, ending early with 5047 samples.
Epoch 154, Mean Reward: -55.39
Epoch 155: Reached 5000 samples, ending early with 5505 samples.
Epoch 155, Mean Reward: -88.84
Epoch 156: Reached 5000 samples, ending early with 5572 samples.
Epoch 156, Mean Reward: -98.87
Epoch 157: Reached 5000 samples, ending early with 5504 samples.
Epoch 157, Mean Reward: -68.68
Epoch 158: Reached 5000 samples, ending early with 5089 samples.
Epoch 158, Mean Reward: -98.50
Epoch 159: Reached 5000 samples, ending early with 5200 samples.
Epoch 159, Mean Reward: -77.52
Epoch 160: Reached 5000 samples, ending early with 5068 samples.
Epoch 160, Mean Reward: -68.79
Epoch 161: Reached 5000 samples, ending early with 5046 samples.
Epoch 161, Mean Reward: -156.43
Epoch 162: Reached 5000 samples, ending early with 5984 samples.
Epoch 162, Mean Reward: -40.31
Epoch 163: Reached 5000 samples, ending early with 5037 samples.
Epoch 163, Mean Reward: -88.07
Epoch 164: Reached 5000 samples, ending early with 5258 samples.
Epoch 164, Mean Reward: -73.95
Epoch 165: Reached 5000 samples, ending early with 5844 samples.
Epoch 165, Mean Reward: -74.71
Epoch 166: Reached 5000 samples, ending early with 5007 samples.
Epoch 166, Mean Reward: -61.37
Epoch 167: Reached 5000 samples, ending early with 5656 samples.
Epoch 167, Mean Reward: -96.67
Epoch 168: Reached 5000 samples, ending early with 5301 samples.
Epoch 168, Mean Reward: -46.83
Epoch 169: Reached 5000 samples, ending early with 5077 samples.
Eval at 902782 samples: -17.02
Epoch 169, Mean Reward: -43.68
Epoch 170: Reached 5000 samples, ending early with 5002 samples.
Epoch 170, Mean Reward: -77.87
Epoch 171: Reached 5000 samples, ending early with 5723 samples.
Epoch 171, Mean Reward: -43.32
Epoch 172: Reached 5000 samples, ending early with 5168 samples.
Epoch 172, Mean Reward: -81.65
Epoch 173: Reached 5000 samples, ending early with 5395 samples.
Epoch 173, Mean Reward: -53.45
Epoch 174: Reached 5000 samples, ending early with 5039 samples.
Epoch 174, Mean Reward: -93.60
Epoch 175: Reached 5000 samples, ending early with 5075 samples.
Epoch 175, Mean Reward: -66.07
Epoch 176: Reached 5000 samples, ending early with 5007 samples.
Epoch 176, Mean Reward: -47.64
Epoch 177: Reached 5000 samples, ending early with 5040 samples.
Epoch 177, Mean Reward: -58.31
Epoch 178: Reached 5000 samples, ending early with 5163 samples.
Epoch 178, Mean Reward: -66.53
Epoch 179: Reached 5000 samples, ending early with 5023 samples.
Epoch 179, Mean Reward: -65.25
Epoch 180: Reached 5000 samples, ending early with 5107 samples.
Epoch 180, Mean Reward: -108.77
Epoch 181: Reached 5000 samples, ending early with 5010 samples.
Epoch 181, Mean Reward: -71.69
Epoch 182: Reached 5000 samples, ending early with 5043 samples.
Epoch 182, Mean Reward: -74.61
Epoch 183: Reached 5000 samples, ending early with 5000 samples.
Epoch 183, Mean Reward: -52.29
Epoch 184: Reached 5000 samples, ending early with 5009 samples.
Epoch 184, Mean Reward: -55.47
Epoch 185: Reached 5000 samples, ending early with 5835 samples.
Epoch 185, Mean Reward: -37.71
Epoch 186: Reached 5000 samples, ending early with 5062 samples.
Epoch 186, Mean Reward: -64.02
Epoch 187: Reached 5000 samples, ending early with 5131 samples.
Epoch 187, Mean Reward: -36.37
Epoch 188: Reached 5000 samples, ending early with 5887 samples.
Eval at 1001501 samples: -15.84
Epoch 188, Mean Reward: -76.33
Epoch 189: Reached 5000 samples, ending early with 5985 samples.
Epoch 189, Mean Reward: -62.16
Epoch 190: Reached 5000 samples, ending early with 5145 samples.
Epoch 190, Mean Reward: -43.65
Epoch 191: Reached 5000 samples, ending early with 5180 samples.
Epoch 191, Mean Reward: -101.51
Epoch 192: Reached 5000 samples, ending early with 5132 samples.
Epoch 192, Mean Reward: -29.87
Epoch 193: Reached 5000 samples, ending early with 5220 samples.
Epoch 193, Mean Reward: -91.61
Epoch 194: Reached 5000 samples, ending early with 5366 samples.
Epoch 194, Mean Reward: -48.58
Epoch 195: Reached 5000 samples, ending early with 5328 samples.
Epoch 195, Mean Reward: -85.19
Epoch 196: Reached 5000 samples, ending early with 5506 samples.
Epoch 196, Mean Reward: -67.10
Epoch 197: Reached 5000 samples, ending early with 5030 samples.
Epoch 197, Mean Reward: -74.59
Epoch 198: Reached 5000 samples, ending early with 5165 samples.
Epoch 198, Mean Reward: -42.89
Epoch 199: Reached 5000 samples, ending early with 5052 samples.
Epoch 199, Mean Reward: -40.58
Epoch 200: Reached 5000 samples, ending early with 5721 samples.
Epoch 200, Mean Reward: -64.93
Epoch 201: Reached 5000 samples, ending early with 5655 samples.
Epoch 201, Mean Reward: -64.54
Epoch 202: Reached 5000 samples, ending early with 5295 samples.
Epoch 202, Mean Reward: -54.05
Epoch 203: Reached 5000 samples, ending early with 5611 samples.
Epoch 203, Mean Reward: -74.27
Epoch 204: Reached 5000 samples, ending early with 5130 samples.
Epoch 204, Mean Reward: -54.23
Epoch 205: Reached 5000 samples, ending early with 5040 samples.
Epoch 205, Mean Reward: -64.97
Epoch 206: Reached 5000 samples, ending early with 5392 samples.
Epoch 206, Mean Reward: -50.36
Epoch 207: Reached 5000 samples, ending early with 5438 samples.
Eval at 1102892 samples: -17.36
Epoch 207, Mean Reward: -60.32
Epoch 208: Reached 5000 samples, ending early with 5406 samples.
Epoch 208, Mean Reward: -51.41
Epoch 209: Reached 5000 samples, ending early with 5211 samples.
Epoch 209, Mean Reward: -51.04
Epoch 210: Reached 5000 samples, ending early with 5002 samples.
Epoch 210, Mean Reward: -36.48
Epoch 211: Reached 5000 samples, ending early with 5050 samples.
Epoch 211, Mean Reward: -36.04
Epoch 212: Reached 5000 samples, ending early with 5522 samples.
Epoch 212, Mean Reward: -64.49
Epoch 213: Reached 5000 samples, ending early with 5017 samples.
Epoch 213, Mean Reward: -103.16
Epoch 214: Reached 5000 samples, ending early with 5163 samples.
Epoch 214, Mean Reward: -36.38
Epoch 215: Reached 5000 samples, ending early with 5288 samples.
Epoch 215, Mean Reward: -57.07
Epoch 216: Reached 5000 samples, ending early with 5029 samples.
Epoch 216, Mean Reward: -60.28
Epoch 217: Reached 5000 samples, ending early with 5027 samples.
Epoch 217, Mean Reward: -42.29
Epoch 218: Reached 5000 samples, ending early with 5050 samples.
Epoch 218, Mean Reward: -49.10
Epoch 219: Reached 5000 samples, ending early with 5232 samples.
Epoch 219, Mean Reward: -55.58
Epoch 220: Reached 5000 samples, ending early with 5045 samples.
Epoch 220, Mean Reward: -61.34
Epoch 221: Reached 5000 samples, ending early with 5038 samples.
Epoch 221, Mean Reward: -48.53
Epoch 222: Reached 5000 samples, ending early with 5073 samples.
Epoch 222, Mean Reward: -46.85
Epoch 223: Reached 5000 samples, ending early with 5024 samples.
Epoch 223, Mean Reward: -38.31
Epoch 224: Reached 5000 samples, ending early with 5062 samples.
Epoch 224, Mean Reward: -41.40
Epoch 225: Reached 5000 samples, ending early with 5078 samples.
Epoch 225, Mean Reward: -49.72
Epoch 226: Reached 5000 samples, ending early with 5414 samples.
Eval at 1200623 samples: -43.21
Epoch 226, Mean Reward: -43.60
Epoch 227: Reached 5000 samples, ending early with 5076 samples.
Epoch 227, Mean Reward: -28.86
Epoch 228: Reached 5000 samples, ending early with 5051 samples.
Epoch 228, Mean Reward: -63.70
Epoch 229: Reached 5000 samples, ending early with 5808 samples.
Epoch 229, Mean Reward: -83.79
Epoch 230: Reached 5000 samples, ending early with 5001 samples.
Epoch 230, Mean Reward: -58.37
Epoch 231: Reached 5000 samples, ending early with 5926 samples.
Epoch 231, Mean Reward: -51.85
Epoch 232: Reached 5000 samples, ending early with 5012 samples.
Epoch 232, Mean Reward: -67.39
Epoch 233: Reached 5000 samples, ending early with 5061 samples.
Epoch 233, Mean Reward: -49.99
Epoch 234: Reached 5000 samples, ending early with 5940 samples.
Epoch 234, Mean Reward: -35.14
Epoch 235: Reached 5000 samples, ending early with 5586 samples.
Epoch 235, Mean Reward: -65.80
Epoch 236: Reached 5000 samples, ending early with 5679 samples.
Epoch 236, Mean Reward: -55.67
Epoch 237: Reached 5000 samples, ending early with 5062 samples.
Epoch 237, Mean Reward: -33.76
Epoch 238: Reached 5000 samples, ending early with 5111 samples.
Epoch 238, Mean Reward: -66.56
Epoch 239: Reached 5000 samples, ending early with 5008 samples.
Epoch 239, Mean Reward: -31.74
Epoch 240: Reached 5000 samples, ending early with 5081 samples.
Epoch 240, Mean Reward: -66.30
Epoch 241: Reached 5000 samples, ending early with 5676 samples.
Epoch 241, Mean Reward: -79.65
Epoch 242: Reached 5000 samples, ending early with 5931 samples.
Epoch 242, Mean Reward: -64.94
Epoch 243: Reached 5000 samples, ending early with 5718 samples.
Epoch 243, Mean Reward: -55.70
Epoch 244: Reached 5000 samples, ending early with 5162 samples.
Epoch 244, Mean Reward: -70.14
Epoch 245: Reached 5000 samples, ending early with 5279 samples.
Eval at 1302791 samples: -67.55
Epoch 245, Mean Reward: -36.40
Epoch 246: Reached 5000 samples, ending early with 5049 samples.
Epoch 246, Mean Reward: -55.76
Epoch 247: Reached 5000 samples, ending early with 5607 samples.
Epoch 247, Mean Reward: -26.48
Epoch 248: Reached 5000 samples, ending early with 5296 samples.
Epoch 248, Mean Reward: -112.16
Epoch 249: Reached 5000 samples, ending early with 5039 samples.
Epoch 249, Mean Reward: -45.03
Epoch 250: Reached 5000 samples, ending early with 5251 samples.
Epoch 250, Mean Reward: -35.66
Epoch 251: Reached 5000 samples, ending early with 5096 samples.
Epoch 251, Mean Reward: -60.44
Epoch 252: Reached 5000 samples, ending early with 5071 samples.
Epoch 252, Mean Reward: -47.24
Epoch 253: Reached 5000 samples, ending early with 5139 samples.
Epoch 253, Mean Reward: -44.14
Epoch 254: Reached 5000 samples, ending early with 5772 samples.
Epoch 254, Mean Reward: -32.28
Epoch 255: Reached 5000 samples, ending early with 5529 samples.
Epoch 255, Mean Reward: -52.27
Epoch 256: Reached 5000 samples, ending early with 5975 samples.
Epoch 256, Mean Reward: -51.66
Epoch 257: Reached 5000 samples, ending early with 5508 samples.
Epoch 257, Mean Reward: -26.67
Epoch 258: Reached 5000 samples, ending early with 5046 samples.
Epoch 258, Mean Reward: -21.36
Epoch 259: Reached 5000 samples, ending early with 5059 samples.
Epoch 259, Mean Reward: -33.41
Epoch 260: Reached 5000 samples, ending early with 5255 samples.
Epoch 260, Mean Reward: -37.57
Epoch 261: Reached 5000 samples, ending early with 5777 samples.
Epoch 261, Mean Reward: -45.15
Epoch 262: Reached 5000 samples, ending early with 5881 samples.
Epoch 262, Mean Reward: -38.72
Epoch 263: Reached 5000 samples, ending early with 5006 samples.
Epoch 263, Mean Reward: -40.91
Epoch 264: Reached 5000 samples, ending early with 5930 samples.
Eval at 1405077 samples: -2.46
Epoch 264, Mean Reward: -41.12
Epoch 265: Reached 5000 samples, ending early with 5066 samples.
Epoch 265, Mean Reward: -29.67
Epoch 266: Reached 5000 samples, ending early with 5719 samples.
Epoch 266, Mean Reward: -30.86
Epoch 267: Reached 5000 samples, ending early with 5080 samples.
Epoch 267, Mean Reward: -37.25
Epoch 268: Reached 5000 samples, ending early with 5451 samples.
Epoch 268, Mean Reward: -27.25
Epoch 269: Reached 5000 samples, ending early with 5470 samples.
Epoch 269, Mean Reward: -51.55
Epoch 270: Reached 5000 samples, ending early with 5508 samples.
Epoch 270, Mean Reward: -49.45
Epoch 271: Reached 5000 samples, ending early with 5627 samples.
Epoch 271, Mean Reward: -40.94
Epoch 272: Reached 5000 samples, ending early with 5820 samples.
Epoch 272, Mean Reward: -38.39
Epoch 273: Reached 5000 samples, ending early with 5004 samples.
Epoch 273, Mean Reward: -12.17
Epoch 274: Reached 5000 samples, ending early with 5001 samples.
Epoch 274, Mean Reward: -23.72
Epoch 275: Reached 5000 samples, ending early with 5182 samples.
Epoch 275, Mean Reward: -38.60
Epoch 276: Reached 5000 samples, ending early with 5052 samples.
Epoch 276, Mean Reward: -32.17
Epoch 277: Reached 5000 samples, ending early with 5011 samples.
Epoch 277, Mean Reward: -30.13
Epoch 278: Reached 5000 samples, ending early with 5836 samples.
Epoch 278, Mean Reward: -23.12
Epoch 279: Reached 5000 samples, ending early with 5137 samples.
Epoch 279, Mean Reward: -30.65
Epoch 280: Reached 5000 samples, ending early with 5289 samples.
Epoch 280, Mean Reward: -21.05
Epoch 281: Reached 5000 samples, ending early with 5002 samples.
Epoch 281, Mean Reward: -32.62
Epoch 282: Reached 5000 samples, ending early with 5037 samples.
Eval at 1500369 samples: -15.87
Epoch 282, Mean Reward: -20.35
Epoch 283: Reached 5000 samples, ending early with 5873 samples.
Epoch 283, Mean Reward: -12.84
Epoch 284: Reached 5000 samples, ending early with 5070 samples.
Epoch 284, Mean Reward: -21.39
Epoch 285: Reached 5000 samples, ending early with 5055 samples.
Epoch 285, Mean Reward: -20.34
Epoch 286: Reached 5000 samples, ending early with 5054 samples.
Epoch 286, Mean Reward: -20.51
Epoch 287: Reached 5000 samples, ending early with 5082 samples.
Epoch 287, Mean Reward: -38.02
Epoch 288: Reached 5000 samples, ending early with 5120 samples.
Epoch 288, Mean Reward: -19.79
Epoch 289: Reached 5000 samples, ending early with 5017 samples.
Epoch 289, Mean Reward: -21.68
Epoch 290: Reached 5000 samples, ending early with 5075 samples.
Epoch 290, Mean Reward: -12.58
Epoch 291: Reached 5000 samples, ending early with 5024 samples.
Epoch 291, Mean Reward: -19.43
Epoch 292: Reached 5000 samples, ending early with 5008 samples.
Epoch 292, Mean Reward: -23.39
Epoch 293: Reached 5000 samples, ending early with 5028 samples.
Epoch 293, Mean Reward: -29.51
Epoch 294: Reached 5000 samples, ending early with 5011 samples.
Epoch 294, Mean Reward: -11.90
Epoch 295: Reached 5000 samples, ending early with 5010 samples.
Epoch 295, Mean Reward: -27.13
Epoch 296: Reached 5000 samples, ending early with 5750 samples.
Epoch 296, Mean Reward: -24.99
Epoch 297: Reached 5000 samples, ending early with 5036 samples.
Epoch 297, Mean Reward: -22.61
Epoch 298: Reached 5000 samples, ending early with 5040 samples.
Epoch 298, Mean Reward: -12.16
Epoch 299: Reached 5000 samples, ending early with 5020 samples.
Epoch 299, Mean Reward: -14.02
Epoch 300: Reached 5000 samples, ending early with 5104 samples.
Epoch 300, Mean Reward: -18.29
Epoch 301: Reached 5000 samples, ending early with 5178 samples.
Epoch 301, Mean Reward: -4.85
Epoch 302: Reached 5000 samples, ending early with 5064 samples.
Eval at 1602988 samples: 3.54
Epoch 302, Mean Reward: -19.68
Epoch 303: Reached 5000 samples, ending early with 5340 samples.
Epoch 303, Mean Reward: -12.23
Epoch 304: Reached 5000 samples, ending early with 5050 samples.
Epoch 304, Mean Reward: -1.52
Epoch 305: Reached 5000 samples, ending early with 5492 samples.
Epoch 305, Mean Reward: -15.06
Epoch 306: Reached 5000 samples, ending early with 5605 samples.
Epoch 306, Mean Reward: -12.57
Epoch 307: Reached 5000 samples, ending early with 5591 samples.
Epoch 307, Mean Reward: -31.72
Epoch 308: Reached 5000 samples, ending early with 5067 samples.
Epoch 308, Mean Reward: -1.74
Epoch 309: Reached 5000 samples, ending early with 5747 samples.
Epoch 309, Mean Reward: -15.16
Epoch 310: Reached 5000 samples, ending early with 5917 samples.
Epoch 310, Mean Reward: -12.19
Epoch 311: Reached 5000 samples, ending early with 5883 samples.
Epoch 311, Mean Reward: -7.68
Epoch 312: Reached 5000 samples, ending early with 5391 samples.
Epoch 312, Mean Reward: -0.31
Epoch 313: Reached 5000 samples, ending early with 5230 samples.
Epoch 313, Mean Reward: -10.25
Epoch 314: Reached 5000 samples, ending early with 5218 samples.
Epoch 314, Mean Reward: -3.25
Epoch 315: Reached 5000 samples, ending early with 5942 samples.
Epoch 315, Mean Reward: -13.05
Epoch 316: Reached 5000 samples, ending early with 5105 samples.
Epoch 316, Mean Reward: -20.86
Epoch 317: Reached 5000 samples, ending early with 5016 samples.
Epoch 317, Mean Reward: -2.50
Epoch 318: Reached 5000 samples, ending early with 5013 samples.
Epoch 318, Mean Reward: -4.88
Epoch 319: Reached 5000 samples, ending early with 5073 samples.
Epoch 319, Mean Reward: -5.17
Epoch 320: Reached 5000 samples, ending early with 5068 samples.
Epoch 320, Mean Reward: -11.09
Epoch 321: Reached 5000 samples, ending early with 5062 samples.
Eval at 1704798 samples: -12.27
Epoch 321, Mean Reward: -10.70
Epoch 322: Reached 5000 samples, ending early with 5746 samples.
Epoch 322, Mean Reward: -13.38
Epoch 323: Reached 5000 samples, ending early with 5330 samples.
Epoch 323, Mean Reward: -4.03
Epoch 324: Reached 5000 samples, ending early with 5061 samples.
Epoch 324, Mean Reward: 1.14
Epoch 325: Reached 5000 samples, ending early with 5097 samples.
Epoch 325, Mean Reward: 1.90
Epoch 326: Reached 5000 samples, ending early with 5071 samples.
Epoch 326, Mean Reward: -1.69
Epoch 327: Reached 5000 samples, ending early with 5504 samples.
Epoch 327, Mean Reward: 0.21
Epoch 328: Reached 5000 samples, ending early with 5229 samples.
Epoch 328, Mean Reward: -2.44
Epoch 329: Reached 5000 samples, ending early with 5013 samples.
Epoch 329, Mean Reward: 2.07
Epoch 330: Reached 5000 samples, ending early with 5174 samples.
Epoch 330, Mean Reward: 19.36
Epoch 331: Reached 5000 samples, ending early with 5033 samples.
Epoch 331, Mean Reward: 10.98
Epoch 332: Reached 5000 samples, ending early with 5268 samples.
Epoch 332, Mean Reward: -10.45
Epoch 333: Reached 5000 samples, ending early with 5138 samples.
Epoch 333, Mean Reward: 15.34
Epoch 334: Reached 5000 samples, ending early with 5152 samples.
Epoch 334, Mean Reward: 0.72
Epoch 335: Reached 5000 samples, ending early with 5271 samples.
Epoch 335, Mean Reward: 6.28
Epoch 336: Reached 5000 samples, ending early with 5727 samples.
Epoch 336, Mean Reward: -0.17
Epoch 337: Reached 5000 samples, ending early with 5000 samples.
Epoch 337, Mean Reward: 7.12
Epoch 338: Reached 5000 samples, ending early with 5003 samples.
Epoch 338, Mean Reward: 15.05
Epoch 339: Reached 5000 samples, ending early with 5094 samples.
Epoch 339, Mean Reward: 4.11
Epoch 340: Reached 5000 samples, ending early with 5601 samples.
Eval at 1804310 samples: -12.57
Epoch 340, Mean Reward: -0.65
Epoch 341: Reached 5000 samples, ending early with 5874 samples.
Epoch 341, Mean Reward: 1.16
Epoch 342: Reached 5000 samples, ending early with 5000 samples.
Epoch 342, Mean Reward: -6.38
Epoch 343: Reached 5000 samples, ending early with 5022 samples.
Epoch 343, Mean Reward: 6.10
Epoch 344: Reached 5000 samples, ending early with 5850 samples.
Epoch 344, Mean Reward: 19.37
Epoch 345: Reached 5000 samples, ending early with 5880 samples.
Epoch 345, Mean Reward: 10.72
Epoch 346: Reached 5000 samples, ending early with 5134 samples.
Epoch 346, Mean Reward: 2.36
Epoch 347: Reached 5000 samples, ending early with 5870 samples.
Epoch 347, Mean Reward: 17.59
Epoch 348: Reached 5000 samples, ending early with 5779 samples.
Epoch 348, Mean Reward: 24.57
Epoch 349: Reached 5000 samples, ending early with 5022 samples.
Epoch 349, Mean Reward: 6.13
Epoch 350: Reached 5000 samples, ending early with 5154 samples.
Epoch 350, Mean Reward: 10.87
Epoch 351: Reached 5000 samples, ending early with 5775 samples.
Epoch 351, Mean Reward: 7.65
Epoch 352: Reached 5000 samples, ending early with 5298 samples.
Epoch 352, Mean Reward: 12.37
Epoch 353: Reached 5000 samples, ending early with 5299 samples.
Epoch 353, Mean Reward: 12.20
Epoch 354: Reached 5000 samples, ending early with 5438 samples.
Epoch 354, Mean Reward: 21.01
Epoch 355: Reached 5000 samples, ending early with 5649 samples.
Epoch 355, Mean Reward: 5.10
Epoch 356: Reached 5000 samples, ending early with 5453 samples.
Epoch 356, Mean Reward: 23.28
Epoch 357: Reached 5000 samples, ending early with 5940 samples.
Epoch 357, Mean Reward: 31.67
Epoch 358: Reached 5000 samples, ending early with 5345 samples.
Eval at 1903092 samples: 45.92
Epoch 358, Mean Reward: 25.05
Epoch 359: Reached 5000 samples, ending early with 5903 samples.
Epoch 359, Mean Reward: 31.96
Epoch 360: Reached 5000 samples, ending early with 5181 samples.
Epoch 360, Mean Reward: 23.89
Epoch 361: Reached 5000 samples, ending early with 5001 samples.
Epoch 361, Mean Reward: 25.33
Epoch 362: Reached 5000 samples, ending early with 5244 samples.
Epoch 362, Mean Reward: 40.98
Epoch 363: Reached 5000 samples, ending early with 5613 samples.
Epoch 363, Mean Reward: 36.17
Epoch 364: Reached 5000 samples, ending early with 5248 samples.
Epoch 364, Mean Reward: 46.15
Epoch 365: Reached 5000 samples, ending early with 5407 samples.
Epoch 365, Mean Reward: 32.93
Epoch 366: Reached 5000 samples, ending early with 5356 samples.
Epoch 366, Mean Reward: 47.54
Epoch 367: Reached 5000 samples, ending early with 5109 samples.
Epoch 367, Mean Reward: 31.64
Epoch 368: Reached 5000 samples, ending early with 5124 samples.
Epoch 368, Mean Reward: 26.59
Epoch 369: Reached 5000 samples, ending early with 5045 samples.
Epoch 369, Mean Reward: 36.22
Epoch 370: Reached 5000 samples, ending early with 5994 samples.
Epoch 370, Mean Reward: 16.35
Epoch 371: Reached 5000 samples, ending early with 5796 samples.
Epoch 371, Mean Reward: 35.95
Epoch 372: Reached 5000 samples, ending early with 5316 samples.
Epoch 372, Mean Reward: 35.00
Epoch 373: Reached 5000 samples, ending early with 5522 samples.
Epoch 373, Mean Reward: 47.87
Epoch 374: Reached 5000 samples, ending early with 5012 samples.
Epoch 374, Mean Reward: 55.03
Epoch 375: Reached 5000 samples, ending early with 5170 samples.
Epoch 375, Mean Reward: 29.11
Epoch 376: Reached 5000 samples, ending early with 5276 samples.
Epoch 376, Mean Reward: 44.66
Epoch 377: Reached 5000 samples, ending early with 5551 samples.
Eval at 2004960 samples: 49.79
Epoch 377, Mean Reward: 33.39
Epoch 378: Reached 5000 samples, ending early with 5903 samples.
Epoch 378, Mean Reward: 70.02
Epoch 379: Reached 5000 samples, ending early with 5121 samples.
Epoch 379, Mean Reward: 31.89
Epoch 380: Reached 5000 samples, ending early with 5138 samples.
Epoch 380, Mean Reward: 41.22
Epoch 381: Reached 5000 samples, ending early with 5413 samples.
Epoch 381, Mean Reward: 57.03
Epoch 382: Reached 5000 samples, ending early with 5015 samples.
Epoch 382, Mean Reward: 42.43
Epoch 383: Reached 5000 samples, ending early with 5897 samples.
Epoch 383, Mean Reward: 39.43
Epoch 384: Reached 5000 samples, ending early with 5066 samples.
Epoch 384, Mean Reward: 49.65
Epoch 385: Reached 5000 samples, ending early with 5152 samples.
Epoch 385, Mean Reward: 39.18
Epoch 386: Reached 5000 samples, ending early with 5463 samples.
Epoch 386, Mean Reward: 62.44
Epoch 387: Reached 5000 samples, ending early with 5753 samples.
Epoch 387, Mean Reward: 57.20
Epoch 388: Reached 5000 samples, ending early with 5837 samples.
Epoch 388, Mean Reward: 69.48
Epoch 389: Reached 5000 samples, ending early with 5969 samples.
Epoch 389, Mean Reward: 63.79
Epoch 390: Reached 5000 samples, ending early with 5115 samples.
Epoch 390, Mean Reward: 37.94
Epoch 391: Reached 5000 samples, ending early with 5528 samples.
Epoch 391, Mean Reward: 52.68
Epoch 392: Reached 5000 samples, ending early with 5028 samples.
Epoch 392, Mean Reward: 47.47
Epoch 393: Reached 5000 samples, ending early with 5127 samples.
Epoch 393, Mean Reward: 69.86
Epoch 394: Reached 5000 samples, ending early with 5412 samples.
Epoch 394, Mean Reward: 60.39
Epoch 395: Reached 5000 samples, ending early with 5093 samples.
Eval at 2101990 samples: 32.78
Epoch 395, Mean Reward: 65.00
Epoch 396: Reached 5000 samples, ending early with 5128 samples.
Epoch 396, Mean Reward: 70.83
Epoch 397: Reached 5000 samples, ending early with 5031 samples.
Epoch 397, Mean Reward: 73.17
Epoch 398: Reached 5000 samples, ending early with 5593 samples.
Epoch 398, Mean Reward: 61.86
Epoch 399: Reached 5000 samples, ending early with 5222 samples.
Epoch 399, Mean Reward: 79.51
Epoch 400: Reached 5000 samples, ending early with 5903 samples.
Epoch 400, Mean Reward: 61.35
Epoch 401: Reached 5000 samples, ending early with 5333 samples.
Epoch 401, Mean Reward: 78.55
Epoch 402: Reached 5000 samples, ending early with 5367 samples.
Epoch 402, Mean Reward: 110.63
Epoch 403: Reached 5000 samples, ending early with 5772 samples.
Epoch 403, Mean Reward: 119.49
Epoch 404: Reached 5000 samples, ending early with 5030 samples.
Epoch 404, Mean Reward: 64.22
Epoch 405: Reached 5000 samples, ending early with 5172 samples.
Epoch 405, Mean Reward: 58.20
Epoch 406: Reached 5000 samples, ending early with 5075 samples.
Epoch 406, Mean Reward: 98.79
Epoch 407: Reached 5000 samples, ending early with 5454 samples.
Epoch 407, Mean Reward: 86.66
Epoch 408: Reached 5000 samples, ending early with 5351 samples.
Epoch 408, Mean Reward: 76.42
Epoch 409: Reached 5000 samples, ending early with 5168 samples.
Epoch 409, Mean Reward: 88.85
Epoch 410: Reached 5000 samples, ending early with 5068 samples.
Epoch 410, Mean Reward: 120.06
Epoch 411: Reached 5000 samples, ending early with 5559 samples.
Epoch 411, Mean Reward: 66.65
Epoch 412: Reached 5000 samples, ending early with 5111 samples.
Epoch 412, Mean Reward: 68.30
Epoch 413: Reached 5000 samples, ending early with 5042 samples.
Epoch 413, Mean Reward: 85.86
Epoch 414: Reached 5000 samples, ending early with 5115 samples.
Eval at 2202484 samples: 87.50
Epoch 414, Mean Reward: 115.33
Epoch 415: Reached 5000 samples, ending early with 5638 samples.
Epoch 415, Mean Reward: 121.42
Epoch 416: Reached 5000 samples, ending early with 5239 samples.
Epoch 416, Mean Reward: 123.36
Epoch 417: Reached 5000 samples, ending early with 5220 samples.
Epoch 417, Mean Reward: 107.67
Epoch 418: Reached 5000 samples, ending early with 5268 samples.
Epoch 418, Mean Reward: 102.41
Epoch 419: Reached 5000 samples, ending early with 5015 samples.
Epoch 419, Mean Reward: 52.17
Epoch 420: Reached 5000 samples, ending early with 5710 samples.
Epoch 420, Mean Reward: 129.34
Epoch 421: Reached 5000 samples, ending early with 5466 samples.
Epoch 421, Mean Reward: 161.37
Epoch 422: Reached 5000 samples, ending early with 5470 samples.
Epoch 422, Mean Reward: 141.60
Epoch 423: Reached 5000 samples, ending early with 5626 samples.
Epoch 423, Mean Reward: 98.73
Epoch 424: Reached 5000 samples, ending early with 5011 samples.
Epoch 424, Mean Reward: 115.43
Epoch 425: Reached 5000 samples, ending early with 5005 samples.
Epoch 425, Mean Reward: 125.46
Epoch 426: Reached 5000 samples, ending early with 5983 samples.
Epoch 426, Mean Reward: 130.93
Epoch 427: Reached 5000 samples, ending early with 5739 samples.
Epoch 427, Mean Reward: 131.77
Epoch 428: Reached 5000 samples, ending early with 5140 samples.
Epoch 428, Mean Reward: 154.61
Epoch 429: Reached 5000 samples, ending early with 5574 samples.
Epoch 429, Mean Reward: 100.09
Epoch 430: Reached 5000 samples, ending early with 5073 samples.
Epoch 430, Mean Reward: 122.55
Epoch 431: Reached 5000 samples, ending early with 5434 samples.
Epoch 431, Mean Reward: 136.23
Epoch 432: Reached 5000 samples, ending early with 5139 samples.
Epoch 432, Mean Reward: 91.32
Epoch 433: Reached 5000 samples, ending early with 5403 samples.
Eval at 2304637 samples: 126.22
Epoch 433, Mean Reward: 202.61
Epoch 434: Reached 5000 samples, ending early with 5990 samples.
Epoch 434, Mean Reward: 116.48
Epoch 435: Reached 5000 samples, ending early with 5109 samples.
Epoch 435, Mean Reward: 109.77
Epoch 436: Reached 5000 samples, ending early with 5980 samples.
Epoch 436, Mean Reward: 161.16
Epoch 437: Reached 5000 samples, ending early with 5949 samples.
Epoch 437, Mean Reward: 234.47
Epoch 438: Reached 5000 samples, ending early with 5256 samples.
Epoch 438, Mean Reward: 146.84
Epoch 439: Reached 5000 samples, ending early with 5359 samples.
Epoch 439, Mean Reward: 155.96
Epoch 440: Reached 5000 samples, ending early with 5151 samples.
Epoch 440, Mean Reward: 205.48
Epoch 441: Reached 5000 samples, ending early with 5706 samples.
Epoch 441, Mean Reward: 196.19
Epoch 442: Reached 5000 samples, ending early with 5761 samples.
Epoch 442, Mean Reward: 204.84
Epoch 443: Reached 5000 samples, ending early with 5486 samples.
Epoch 443, Mean Reward: 260.45
Epoch 444: Reached 5000 samples, ending early with 5677 samples.
Epoch 444, Mean Reward: 169.04
Epoch 445: Reached 5000 samples, ending early with 5235 samples.
Epoch 445, Mean Reward: 186.59
Epoch 446: Reached 5000 samples, ending early with 5187 samples.
Epoch 446, Mean Reward: 128.55
Epoch 447: Reached 5000 samples, ending early with 5223 samples.
Epoch 447, Mean Reward: 164.13
Epoch 448: Reached 5000 samples, ending early with 5445 samples.
Epoch 448, Mean Reward: 213.55
Epoch 449: Reached 5000 samples, ending early with 5520 samples.
Epoch 449, Mean Reward: 255.23
Epoch 450: Reached 5000 samples, ending early with 5760 samples.
Epoch 450, Mean Reward: 209.08
Epoch 451: Reached 5000 samples, ending early with 5050 samples.
Eval at 2403481 samples: 206.82
Epoch 451, Mean Reward: 223.25
Epoch 452: Reached 5000 samples, ending early with 5073 samples.
Epoch 452, Mean Reward: 127.20
Epoch 453: Reached 5000 samples, ending early with 5403 samples.
Epoch 453, Mean Reward: 161.99
Epoch 454: Reached 5000 samples, ending early with 5060 samples.
Epoch 454, Mean Reward: 229.39
Epoch 455: Reached 5000 samples, ending early with 5011 samples.
Epoch 455, Mean Reward: 246.72
Epoch 456: Reached 5000 samples, ending early with 5071 samples.
Epoch 456, Mean Reward: 168.73
Epoch 457: Reached 5000 samples, ending early with 5652 samples.
Epoch 457, Mean Reward: 221.41
Epoch 458: Reached 5000 samples, ending early with 5482 samples.
Epoch 458, Mean Reward: 189.04
Epoch 459: Reached 5000 samples, ending early with 5656 samples.
Epoch 459, Mean Reward: 154.23
Epoch 460: Reached 5000 samples, ending early with 5470 samples.
Epoch 460, Mean Reward: 316.37
Epoch 461: Reached 5000 samples, ending early with 5419 samples.
Epoch 461, Mean Reward: 248.98
Epoch 462: Reached 5000 samples, ending early with 5624 samples.
Epoch 462, Mean Reward: 214.69
Epoch 463: Reached 5000 samples, ending early with 5798 samples.
Epoch 463, Mean Reward: 324.59
Epoch 464: Reached 5000 samples, ending early with 5008 samples.
Epoch 464, Mean Reward: 274.36
Epoch 465: Reached 5000 samples, ending early with 5023 samples.
Epoch 465, Mean Reward: 239.75
Epoch 466: Reached 5000 samples, ending early with 5054 samples.
Epoch 466, Mean Reward: 201.41
Epoch 467: Reached 5000 samples, ending early with 5496 samples.
Epoch 467, Mean Reward: 249.02
Epoch 468: Reached 5000 samples, ending early with 5106 samples.
Epoch 468, Mean Reward: 236.25
Epoch 469: Reached 5000 samples, ending early with 5811 samples.
Epoch 469, Mean Reward: 230.31
Epoch 470: Reached 5000 samples, ending early with 5894 samples.
Eval at 2505592 samples: 132.57
Epoch 470, Mean Reward: 225.60
Epoch 471: Reached 5000 samples, ending early with 5897 samples.
Epoch 471, Mean Reward: 326.28
Epoch 472: Reached 5000 samples, ending early with 5561 samples.
Epoch 472, Mean Reward: 225.23
Epoch 473: Reached 5000 samples, ending early with 5099 samples.
Epoch 473, Mean Reward: 293.13
Epoch 474: Reached 5000 samples, ending early with 5160 samples.
Epoch 474, Mean Reward: 403.34
Epoch 475: Reached 5000 samples, ending early with 5173 samples.
Epoch 475, Mean Reward: 292.33
Epoch 476: Reached 5000 samples, ending early with 5008 samples.
Epoch 476, Mean Reward: 207.06
Epoch 477: Reached 5000 samples, ending early with 5568 samples.
Epoch 477, Mean Reward: 264.56
Epoch 478: Reached 5000 samples, ending early with 5277 samples.
Epoch 478, Mean Reward: 263.10
Epoch 479: Reached 5000 samples, ending early with 5903 samples.
Epoch 479, Mean Reward: 286.33
Epoch 480: Reached 5000 samples, ending early with 5012 samples.
Epoch 480, Mean Reward: 197.35
Epoch 481: Reached 5000 samples, ending early with 5793 samples.
Epoch 481, Mean Reward: 314.66
Epoch 482: Reached 5000 samples, ending early with 5055 samples.
Epoch 482, Mean Reward: 209.74
Epoch 483: Reached 5000 samples, ending early with 5979 samples.
Epoch 483, Mean Reward: 342.07
Epoch 484: Reached 5000 samples, ending early with 5483 samples.
Epoch 484, Mean Reward: 298.36
Epoch 485: Reached 5000 samples, ending early with 5693 samples.
Epoch 485, Mean Reward: 240.54
Epoch 486: Reached 5000 samples, ending early with 5057 samples.
Epoch 486, Mean Reward: 349.68
Epoch 487: Reached 5000 samples, ending early with 5815 samples.
Epoch 487, Mean Reward: 357.59
Epoch 488: Reached 5000 samples, ending early with 5165 samples.
Eval at 2603290 samples: 284.63
Epoch 488, Mean Reward: 304.90
Epoch 489: Reached 5000 samples, ending early with 5089 samples.
Epoch 489, Mean Reward: 306.70
Epoch 490: Reached 5000 samples, ending early with 5316 samples.
Epoch 490, Mean Reward: 310.33
Epoch 491: Reached 5000 samples, ending early with 5870 samples.
Epoch 491, Mean Reward: 405.92
Epoch 492: Reached 5000 samples, ending early with 5670 samples.
Epoch 492, Mean Reward: 390.65
Epoch 493: Reached 5000 samples, ending early with 5527 samples.
Epoch 493, Mean Reward: 464.83
Epoch 494: Reached 5000 samples, ending early with 5491 samples.
Epoch 494, Mean Reward: 367.62
Epoch 495: Reached 5000 samples, ending early with 5795 samples.
Epoch 495, Mean Reward: 350.39
Epoch 496: Reached 5000 samples, ending early with 5674 samples.
Epoch 496, Mean Reward: 303.40
Epoch 497: Reached 5000 samples, ending early with 5499 samples.
Epoch 497, Mean Reward: 355.89
Epoch 498: Reached 5000 samples, ending early with 5232 samples.
Epoch 498, Mean Reward: 353.32
Epoch 499: Reached 5000 samples, ending early with 5675 samples.
Epoch 499, Mean Reward: 306.32
Epoch 500: Reached 5000 samples, ending early with 5289 samples.
Epoch 500, Mean Reward: 357.14
Epoch 501: Reached 5000 samples, ending early with 5624 samples.
Epoch 501, Mean Reward: 343.36
Epoch 502: Reached 5000 samples, ending early with 5444 samples.
Epoch 502, Mean Reward: 408.86
Epoch 503: Reached 5000 samples, ending early with 5522 samples.
Epoch 503, Mean Reward: 469.19
Epoch 504: Reached 5000 samples, ending early with 5886 samples.
Epoch 504, Mean Reward: 473.94
Epoch 505: Reached 5000 samples, ending early with 5481 samples.
Epoch 505, Mean Reward: 354.02
Epoch 506: Reached 5000 samples, ending early with 5047 samples.
Eval at 2702421 samples: 311.17
Epoch 506, Mean Reward: 347.43
Epoch 507: Reached 5000 samples, ending early with 5584 samples.
Epoch 507, Mean Reward: 351.66
Epoch 508: Reached 5000 samples, ending early with 5087 samples.
Epoch 508, Mean Reward: 245.34
Epoch 509: Reached 5000 samples, ending early with 5442 samples.
Epoch 509, Mean Reward: 421.90
Epoch 510: Reached 5000 samples, ending early with 5463 samples.
Epoch 510, Mean Reward: 347.42
Epoch 511: Reached 5000 samples, ending early with 5793 samples.
Epoch 511, Mean Reward: 431.25
Epoch 512: Reached 5000 samples, ending early with 5495 samples.
Epoch 512, Mean Reward: 455.36
Epoch 513: Reached 5000 samples, ending early with 5909 samples.
Epoch 513, Mean Reward: 473.10
Epoch 514: Reached 5000 samples, ending early with 5989 samples.
Epoch 514, Mean Reward: 483.74
Epoch 515: Reached 5000 samples, ending early with 5769 samples.
Epoch 515, Mean Reward: 450.26
Epoch 516: Reached 5000 samples, ending early with 5828 samples.
Epoch 516, Mean Reward: 578.14
Epoch 517: Reached 5000 samples, ending early with 5293 samples.
Epoch 517, Mean Reward: 361.95
Epoch 518: Reached 5000 samples, ending early with 5636 samples.
Epoch 518, Mean Reward: 560.85
Epoch 519: Reached 5000 samples, ending early with 5287 samples.
Epoch 519, Mean Reward: 511.20
Epoch 520: Reached 5000 samples, ending early with 5398 samples.
Epoch 520, Mean Reward: 507.25
Epoch 521: Reached 5000 samples, ending early with 5054 samples.
Epoch 521, Mean Reward: 519.95
Epoch 522: Reached 5000 samples, ending early with 5121 samples.
Epoch 522, Mean Reward: 393.24
Epoch 523: Reached 5000 samples, ending early with 5064 samples.
Epoch 523, Mean Reward: 478.59
Epoch 524: Reached 5000 samples, ending early with 5680 samples.
Eval at 2801313 samples: 478.21
Epoch 524, Mean Reward: 418.10
Epoch 525: Reached 5000 samples, ending early with 5891 samples.
Epoch 525, Mean Reward: 419.03
Epoch 526: Reached 5000 samples, ending early with 5555 samples.
Epoch 526, Mean Reward: 558.22
Epoch 527: Reached 5000 samples, ending early with 5162 samples.
Epoch 527, Mean Reward: 418.20
Epoch 528: Reached 5000 samples, ending early with 5194 samples.
Epoch 528, Mean Reward: 448.12
Epoch 529: Reached 5000 samples, ending early with 5555 samples.
Epoch 529, Mean Reward: 283.63
Epoch 530: Reached 5000 samples, ending early with 5053 samples.
Epoch 530, Mean Reward: 478.06
Epoch 531: Reached 5000 samples, ending early with 5936 samples.
Epoch 531, Mean Reward: 524.89
Epoch 532: Reached 5000 samples, ending early with 5564 samples.
Epoch 532, Mean Reward: 447.79
Epoch 533: Reached 5000 samples, ending early with 5464 samples.
Epoch 533, Mean Reward: 451.01
Epoch 534: Reached 5000 samples, ending early with 5542 samples.
Epoch 534, Mean Reward: 582.99
Epoch 535: Reached 5000 samples, ending early with 5847 samples.
Epoch 535, Mean Reward: 429.61
Epoch 536: Reached 5000 samples, ending early with 5083 samples.
Epoch 536, Mean Reward: 490.31
Epoch 537: Reached 5000 samples, ending early with 5649 samples.
Epoch 537, Mean Reward: 481.69
Epoch 538: Reached 5000 samples, ending early with 5950 samples.
Epoch 538, Mean Reward: 512.75
Epoch 539: Reached 5000 samples, ending early with 5299 samples.
Epoch 539, Mean Reward: 579.66
Epoch 540: Reached 5000 samples, ending early with 5072 samples.
Epoch 540, Mean Reward: 583.96
Epoch 541: Reached 5000 samples, ending early with 5661 samples.
Epoch 541, Mean Reward: 390.41
Epoch 542: Reached 5000 samples, ending early with 5683 samples.
Eval at 2900473 samples: 504.36
Epoch 542, Mean Reward: 427.91
Epoch 543: Reached 5000 samples, ending early with 5754 samples.
Epoch 543, Mean Reward: 495.75
Epoch 544: Reached 5000 samples, ending early with 5108 samples.
Epoch 544, Mean Reward: 457.07
Epoch 545: Reached 5000 samples, ending early with 5746 samples.
Epoch 545, Mean Reward: 473.66
Epoch 546: Reached 5000 samples, ending early with 5940 samples.
Epoch 546, Mean Reward: 611.22
Epoch 547: Reached 5000 samples, ending early with 5515 samples.
Epoch 547, Mean Reward: 565.37
Epoch 548: Reached 5000 samples, ending early with 5054 samples.
Epoch 548, Mean Reward: 495.70
Epoch 549: Reached 5000 samples, ending early with 5474 samples.
Epoch 549, Mean Reward: 610.85
Epoch 550: Reached 5000 samples, ending early with 5103 samples.
Epoch 550, Mean Reward: 589.03
Epoch 551: Reached 5000 samples, ending early with 5048 samples.
Epoch 551, Mean Reward: 427.88
Epoch 552: Reached 5000 samples, ending early with 5000 samples.
Epoch 552, Mean Reward: 682.35
Epoch 553: Reached 5000 samples, ending early with 5975 samples.
Epoch 553, Mean Reward: 667.70
Epoch 554: Reached 5000 samples, ending early with 5068 samples.
Epoch 554, Mean Reward: 602.22
Epoch 555: Reached 5000 samples, ending early with 5125 samples.
Epoch 555, Mean Reward: 490.76
Epoch 556: Reached 5000 samples, ending early with 5760 samples.
Epoch 556, Mean Reward: 506.88
Epoch 557: Reached 5000 samples, ending early with 5208 samples.
Epoch 557, Mean Reward: 641.59
Epoch 558: Reached 5000 samples, ending early with 5036 samples.
Epoch 558, Mean Reward: 459.54
Epoch 559: Reached 5000 samples, ending early with 5140 samples.
Epoch 559, Mean Reward: 622.28
Epoch 560: Reached 5000 samples, ending early with 5880 samples.
Epoch 560, Mean Reward: 447.28
Epoch 561: Reached 5000 samples, ending early with 5928 samples.
Eval at 3003335 samples: 628.31
Epoch 561, Mean Reward: 762.75
Epoch 562: Reached 5000 samples, ending early with 5526 samples.
Epoch 562, Mean Reward: 628.37
Epoch 563: Reached 5000 samples, ending early with 5948 samples.
Epoch 563, Mean Reward: 658.99
Epoch 564: Reached 5000 samples, ending early with 5000 samples.
Epoch 564, Mean Reward: 719.00
Epoch 565: Reached 5000 samples, ending early with 5512 samples.
Epoch 565, Mean Reward: 719.54
Epoch 566: Reached 5000 samples, ending early with 5718 samples.
Epoch 566, Mean Reward: 592.75
Epoch 567: Reached 5000 samples, ending early with 5000 samples.
Epoch 567, Mean Reward: 705.60
Epoch 568: Reached 5000 samples, ending early with 5035 samples.
Epoch 568, Mean Reward: 667.22
Epoch 569: Reached 5000 samples, ending early with 5000 samples.
Epoch 569, Mean Reward: 734.01
Epoch 570: Reached 5000 samples, ending early with 5000 samples.
Epoch 570, Mean Reward: 699.54
Epoch 571: Reached 5000 samples, ending early with 5471 samples.
Epoch 571, Mean Reward: 535.81
Epoch 572: Reached 5000 samples, ending early with 5273 samples.
Epoch 572, Mean Reward: 527.62
Epoch 573: Reached 5000 samples, ending early with 5691 samples.
Epoch 573, Mean Reward: 554.29
Epoch 574: Reached 5000 samples, ending early with 5048 samples.
Epoch 574, Mean Reward: 695.43
Epoch 575: Reached 5000 samples, ending early with 5857 samples.
Epoch 575, Mean Reward: 620.85
Epoch 576: Reached 5000 samples, ending early with 5051 samples.
Epoch 576, Mean Reward: 625.17
Epoch 577: Reached 5000 samples, ending early with 5011 samples.
Epoch 577, Mean Reward: 534.72
Epoch 578: Reached 5000 samples, ending early with 5384 samples.
Epoch 578, Mean Reward: 659.09
Epoch 579: Reached 5000 samples, ending early with 5339 samples.
Epoch 579, Mean Reward: 540.61
Epoch 580: Reached 5000 samples, ending early with 5613 samples.
Eval at 3104812 samples: 673.26
Epoch 580, Mean Reward: 551.01
Epoch 581: Reached 5000 samples, ending early with 5055 samples.
Epoch 581, Mean Reward: 633.03
Epoch 582: Reached 5000 samples, ending early with 5945 samples.
Epoch 582, Mean Reward: 744.17
Epoch 583: Reached 5000 samples, ending early with 5022 samples.
Epoch 583, Mean Reward: 605.66
Epoch 584: Reached 5000 samples, ending early with 5902 samples.
Epoch 584, Mean Reward: 609.09
Epoch 585: Reached 5000 samples, ending early with 5253 samples.
Epoch 585, Mean Reward: 552.50
Epoch 586: Reached 5000 samples, ending early with 5688 samples.
Epoch 586, Mean Reward: 747.27
Epoch 587: Reached 5000 samples, ending early with 5429 samples.
Epoch 587, Mean Reward: 505.38
Epoch 588: Reached 5000 samples, ending early with 5000 samples.
Epoch 588, Mean Reward: 829.72
Epoch 589: Reached 5000 samples, ending early with 5282 samples.
Epoch 589, Mean Reward: 658.73
Epoch 590: Reached 5000 samples, ending early with 5000 samples.
Epoch 590, Mean Reward: 791.32
Epoch 591: Reached 5000 samples, ending early with 5759 samples.
Epoch 591, Mean Reward: 561.45
Epoch 592: Reached 5000 samples, ending early with 5204 samples.
Epoch 592, Mean Reward: 614.34
Epoch 593: Reached 5000 samples, ending early with 5000 samples.
Epoch 593, Mean Reward: 759.01
Epoch 594: Reached 5000 samples, ending early with 5967 samples.
Epoch 594, Mean Reward: 605.14
Epoch 595: Reached 5000 samples, ending early with 5715 samples.
Epoch 595, Mean Reward: 672.77
Epoch 596: Reached 5000 samples, ending early with 5394 samples.
Epoch 596, Mean Reward: 623.11
Epoch 597: Reached 5000 samples, ending early with 5738 samples.
Epoch 597, Mean Reward: 701.01
Epoch 598: Reached 5000 samples, ending early with 5922 samples.
Eval at 3203087 samples: 687.82
Epoch 598, Mean Reward: 800.13
Epoch 599: Reached 5000 samples, ending early with 5446 samples.
Epoch 599, Mean Reward: 570.98
Epoch 600: Reached 5000 samples, ending early with 5261 samples.
Epoch 600, Mean Reward: 706.28
Epoch 601: Reached 5000 samples, ending early with 5373 samples.
Epoch 601, Mean Reward: 599.72
Epoch 602: Reached 5000 samples, ending early with 5043 samples.
Epoch 602, Mean Reward: 626.07
Epoch 603: Reached 5000 samples, ending early with 5556 samples.
Epoch 603, Mean Reward: 677.69
Epoch 604: Reached 5000 samples, ending early with 5604 samples.
Epoch 604, Mean Reward: 750.53
Epoch 605: Reached 5000 samples, ending early with 5000 samples.
Epoch 605, Mean Reward: 784.40
Epoch 606: Reached 5000 samples, ending early with 5000 samples.
Epoch 606, Mean Reward: 795.21
Epoch 607: Reached 5000 samples, ending early with 5000 samples.
Epoch 607, Mean Reward: 807.77
Epoch 608: Reached 5000 samples, ending early with 5000 samples.
Epoch 608, Mean Reward: 828.03
Epoch 609: Reached 5000 samples, ending early with 5819 samples.
Epoch 609, Mean Reward: 841.97
Epoch 610: Reached 5000 samples, ending early with 5222 samples.
Epoch 610, Mean Reward: 647.36
Epoch 611: Reached 5000 samples, ending early with 5000 samples.
Epoch 611, Mean Reward: 770.53
Epoch 612: Reached 5000 samples, ending early with 5183 samples.
Epoch 612, Mean Reward: 691.14
Epoch 613: Reached 5000 samples, ending early with 5691 samples.
Epoch 613, Mean Reward: 773.48
Epoch 614: Reached 5000 samples, ending early with 5680 samples.
Epoch 614, Mean Reward: 782.19
Epoch 615: Reached 5000 samples, ending early with 5552 samples.
Epoch 615, Mean Reward: 660.27
Epoch 616: Reached 5000 samples, ending early with 5406 samples.
Epoch 616, Mean Reward: 595.99
Epoch 617: Reached 5000 samples, ending early with 5097 samples.
Eval at 3304020 samples: 781.96
Epoch 617, Mean Reward: 718.28
Epoch 618: Reached 5000 samples, ending early with 5251 samples.
Epoch 618, Mean Reward: 704.86
Epoch 619: Reached 5000 samples, ending early with 5775 samples.
Epoch 619, Mean Reward: 693.36
Epoch 620: Reached 5000 samples, ending early with 5758 samples.
Epoch 620, Mean Reward: 725.62
Epoch 621: Reached 5000 samples, ending early with 5000 samples.
Epoch 621, Mean Reward: 828.61
Epoch 622: Reached 5000 samples, ending early with 5548 samples.
Epoch 622, Mean Reward: 727.22
Epoch 623: Reached 5000 samples, ending early with 5457 samples.
Epoch 623, Mean Reward: 621.98
Epoch 624: Reached 5000 samples, ending early with 5000 samples.
Epoch 624, Mean Reward: 725.36
Epoch 625: Reached 5000 samples, ending early with 5346 samples.
Epoch 625, Mean Reward: 689.41
Epoch 626: Reached 5000 samples, ending early with 5082 samples.
Epoch 626, Mean Reward: 660.30
Epoch 627: Reached 5000 samples, ending early with 5150 samples.
Epoch 627, Mean Reward: 651.85
Epoch 628: Reached 5000 samples, ending early with 5231 samples.
Epoch 628, Mean Reward: 571.45
Epoch 629: Reached 5000 samples, ending early with 5000 samples.
Epoch 629, Mean Reward: 827.87
Epoch 630: Reached 5000 samples, ending early with 5000 samples.
Epoch 630, Mean Reward: 664.51
Epoch 631: Reached 5000 samples, ending early with 5878 samples.
Epoch 631, Mean Reward: 716.63
Epoch 632: Reached 5000 samples, ending early with 5949 samples.
Epoch 632, Mean Reward: 673.99
Epoch 633: Reached 5000 samples, ending early with 5098 samples.
Epoch 633, Mean Reward: 631.12
Epoch 634: Reached 5000 samples, ending early with 5715 samples.
Epoch 634, Mean Reward: 888.40
Epoch 635: Reached 5000 samples, ending early with 5630 samples.
Eval at 3400888 samples: 749.98
Epoch 635, Mean Reward: 732.67
Epoch 636: Reached 5000 samples, ending early with 5000 samples.
Epoch 636, Mean Reward: 882.33
Epoch 637: Reached 5000 samples, ending early with 5109 samples.
Epoch 637, Mean Reward: 697.05
Epoch 638: Reached 5000 samples, ending early with 5202 samples.
Epoch 638, Mean Reward: 579.50
Epoch 639: Reached 5000 samples, ending early with 5000 samples.
Epoch 639, Mean Reward: 825.13
Epoch 640: Reached 5000 samples, ending early with 5000 samples.
Epoch 640, Mean Reward: 807.64
Epoch 641: Reached 5000 samples, ending early with 5991 samples.
Epoch 641, Mean Reward: 885.45
Epoch 642: Reached 5000 samples, ending early with 5775 samples.
Epoch 642, Mean Reward: 835.49
Epoch 643: Reached 5000 samples, ending early with 5000 samples.
Epoch 643, Mean Reward: 825.50
Epoch 644: Reached 5000 samples, ending early with 5519 samples.
Epoch 644, Mean Reward: 497.40
Epoch 645: Reached 5000 samples, ending early with 5292 samples.
Epoch 645, Mean Reward: 743.45
Epoch 646: Reached 5000 samples, ending early with 5014 samples.
Epoch 646, Mean Reward: 677.08
Epoch 647: Reached 5000 samples, ending early with 5000 samples.
Epoch 647, Mean Reward: 957.46
Epoch 648: Reached 5000 samples, ending early with 5259 samples.
Epoch 648, Mean Reward: 747.92
Epoch 649: Reached 5000 samples, ending early with 5000 samples.
Epoch 649, Mean Reward: 911.52
Epoch 650: Reached 5000 samples, ending early with 5773 samples.
Epoch 650, Mean Reward: 878.57
Epoch 651: Reached 5000 samples, ending early with 5000 samples.
Epoch 651, Mean Reward: 769.27
Epoch 652: Reached 5000 samples, ending early with 5000 samples.
Epoch 652, Mean Reward: 866.04
Epoch 653: Reached 5000 samples, ending early with 5541 samples.
Epoch 653, Mean Reward: 801.78
Epoch 654: Reached 5000 samples, ending early with 5489 samples.
Eval at 3500852 samples: 799.04
Epoch 654, Mean Reward: 768.25
Epoch 655: Reached 5000 samples, ending early with 5570 samples.
Epoch 655, Mean Reward: 743.39
Epoch 656: Reached 5000 samples, ending early with 5684 samples.
Epoch 656, Mean Reward: 708.89
Epoch 657: Reached 5000 samples, ending early with 5611 samples.
Epoch 657, Mean Reward: 836.81
Epoch 658: Reached 5000 samples, ending early with 5000 samples.
Epoch 658, Mean Reward: 835.69
Epoch 659: Reached 5000 samples, ending early with 5459 samples.
Epoch 659, Mean Reward: 700.38
Epoch 660: Reached 5000 samples, ending early with 5000 samples.
Epoch 660, Mean Reward: 1020.75
Epoch 661: Reached 5000 samples, ending early with 5711 samples.
Epoch 661, Mean Reward: 708.28
Epoch 662: Reached 5000 samples, ending early with 5000 samples.
Epoch 662, Mean Reward: 854.53
Epoch 663: Reached 5000 samples, ending early with 5716 samples.
Epoch 663, Mean Reward: 740.00
Epoch 664: Reached 5000 samples, ending early with 5244 samples.
Epoch 664, Mean Reward: 634.39
Epoch 665: Reached 5000 samples, ending early with 5557 samples.
Epoch 665, Mean Reward: 581.79
Epoch 666: Reached 5000 samples, ending early with 5190 samples.
Epoch 666, Mean Reward: 694.30
Epoch 667: Reached 5000 samples, ending early with 5000 samples.
Epoch 667, Mean Reward: 919.18
Epoch 668: Reached 5000 samples, ending early with 5501 samples.
Epoch 668, Mean Reward: 540.03
Epoch 669: Reached 5000 samples, ending early with 5532 samples.
Epoch 669, Mean Reward: 648.99
Epoch 670: Reached 5000 samples, ending early with 5058 samples.
Epoch 670, Mean Reward: 716.61
Epoch 671: Reached 5000 samples, ending early with 5981 samples.
Epoch 671, Mean Reward: 720.51
Epoch 672: Reached 5000 samples, ending early with 5216 samples.
Epoch 672, Mean Reward: 651.34
Epoch 673: Reached 5000 samples, ending early with 5000 samples.
Eval at 3602882 samples: 718.00
Epoch 673, Mean Reward: 773.20
Epoch 674: Reached 5000 samples, ending early with 5933 samples.
Epoch 674, Mean Reward: 783.63
Epoch 675: Reached 5000 samples, ending early with 5474 samples.
Epoch 675, Mean Reward: 753.21
Epoch 676: Reached 5000 samples, ending early with 5259 samples.
Epoch 676, Mean Reward: 810.76
Epoch 677: Reached 5000 samples, ending early with 5795 samples.
Epoch 677, Mean Reward: 811.93
Epoch 678: Reached 5000 samples, ending early with 5426 samples.
Epoch 678, Mean Reward: 713.01
Epoch 679: Reached 5000 samples, ending early with 5000 samples.
Epoch 679, Mean Reward: 967.38
Epoch 680: Reached 5000 samples, ending early with 5000 samples.
Epoch 680, Mean Reward: 833.49
Epoch 681: Reached 5000 samples, ending early with 5408 samples.
Epoch 681, Mean Reward: 659.73
Epoch 682: Reached 5000 samples, ending early with 5000 samples.
Epoch 682, Mean Reward: 760.00
Epoch 683: Reached 5000 samples, ending early with 5567 samples.
Epoch 683, Mean Reward: 808.51
Epoch 684: Reached 5000 samples, ending early with 5219 samples.
Epoch 684, Mean Reward: 811.00
Epoch 685: Reached 5000 samples, ending early with 5000 samples.
Epoch 685, Mean Reward: 977.59
Epoch 686: Reached 5000 samples, ending early with 5000 samples.
Epoch 686, Mean Reward: 858.19
Epoch 687: Reached 5000 samples, ending early with 5834 samples.
Epoch 687, Mean Reward: 759.58
Epoch 688: Reached 5000 samples, ending early with 5183 samples.
Epoch 688, Mean Reward: 645.97
Epoch 689: Reached 5000 samples, ending early with 5663 samples.
Epoch 689, Mean Reward: 726.92
Epoch 690: Reached 5000 samples, ending early with 5487 samples.
Epoch 690, Mean Reward: 729.81
Epoch 691: Reached 5000 samples, ending early with 5843 samples.
Epoch 691, Mean Reward: 717.74
Epoch 692: Reached 5000 samples, ending early with 5000 samples.
Eval at 3704973 samples: 869.72
Epoch 692, Mean Reward: 939.42
Epoch 693: Reached 5000 samples, ending early with 5583 samples.
Epoch 693, Mean Reward: 703.35
Epoch 694: Reached 5000 samples, ending early with 5713 samples.
Epoch 694, Mean Reward: 794.77
Epoch 695: Reached 5000 samples, ending early with 5573 samples.
Epoch 695, Mean Reward: 562.74
Epoch 696: Reached 5000 samples, ending early with 5994 samples.
Epoch 696, Mean Reward: 607.78
Epoch 697: Reached 5000 samples, ending early with 5000 samples.
Epoch 697, Mean Reward: 846.62
Epoch 698: Reached 5000 samples, ending early with 5104 samples.
Epoch 698, Mean Reward: 852.38
Epoch 699: Reached 5000 samples, ending early with 5405 samples.
Epoch 699, Mean Reward: 670.54
Epoch 700: Reached 5000 samples, ending early with 5000 samples.
Epoch 700, Mean Reward: 908.04
Epoch 701: Reached 5000 samples, ending early with 5417 samples.
Epoch 701, Mean Reward: 738.13
Epoch 702: Reached 5000 samples, ending early with 5000 samples.
Epoch 702, Mean Reward: 842.62
Epoch 703: Reached 5000 samples, ending early with 5418 samples.
Epoch 703, Mean Reward: 567.77
Epoch 704: Reached 5000 samples, ending early with 5000 samples.
Epoch 704, Mean Reward: 921.87
Epoch 705: Reached 5000 samples, ending early with 5460 samples.
Epoch 705, Mean Reward: 517.79
Epoch 706: Reached 5000 samples, ending early with 5241 samples.
Epoch 706, Mean Reward: 695.54
Epoch 707: Reached 5000 samples, ending early with 5594 samples.
Epoch 707, Mean Reward: 761.54
Epoch 708: Reached 5000 samples, ending early with 5892 samples.
Epoch 708, Mean Reward: 541.64
Epoch 709: Reached 5000 samples, ending early with 5471 samples.
Epoch 709, Mean Reward: 951.63
Epoch 710: Reached 5000 samples, ending early with 5509 samples.
Eval at 3802347 samples: 839.53
Epoch 710, Mean Reward: 729.70
Epoch 711: Reached 5000 samples, ending early with 5569 samples.
Epoch 711, Mean Reward: 814.63
Epoch 712: Reached 5000 samples, ending early with 5151 samples.
Epoch 712, Mean Reward: 687.83
Epoch 713: Reached 5000 samples, ending early with 5506 samples.
Epoch 713, Mean Reward: 781.44
Epoch 714: Reached 5000 samples, ending early with 5000 samples.
Epoch 714, Mean Reward: 888.67
Epoch 715: Reached 5000 samples, ending early with 5418 samples.
Epoch 715, Mean Reward: 772.26
Epoch 716: Reached 5000 samples, ending early with 5000 samples.
Epoch 716, Mean Reward: 892.91
Epoch 717: Reached 5000 samples, ending early with 5004 samples.
Epoch 717, Mean Reward: 608.35
Epoch 718: Reached 5000 samples, ending early with 5308 samples.
Epoch 718, Mean Reward: 906.23
Epoch 719: Reached 5000 samples, ending early with 5460 samples.
Epoch 719, Mean Reward: 861.58
Epoch 720: Reached 5000 samples, ending early with 5531 samples.
Epoch 720, Mean Reward: 722.52
Epoch 721: Reached 5000 samples, ending early with 5000 samples.
Epoch 721, Mean Reward: 858.67
Epoch 722: Reached 5000 samples, ending early with 5000 samples.
Epoch 722, Mean Reward: 920.66
Epoch 723: Reached 5000 samples, ending early with 5000 samples.
Epoch 723, Mean Reward: 860.91
Epoch 724: Reached 5000 samples, ending early with 5621 samples.
Epoch 724, Mean Reward: 896.81
Epoch 725: Reached 5000 samples, ending early with 5045 samples.
Epoch 725, Mean Reward: 781.71
Epoch 726: Reached 5000 samples, ending early with 5000 samples.
Epoch 726, Mean Reward: 865.49
Epoch 727: Reached 5000 samples, ending early with 5093 samples.
Epoch 727, Mean Reward: 718.77
Epoch 728: Reached 5000 samples, ending early with 5047 samples.
Epoch 728, Mean Reward: 841.50
Epoch 729: Reached 5000 samples, ending early with 5000 samples.
Eval at 3901100 samples: 843.83
Epoch 729, Mean Reward: 880.16
Epoch 730: Reached 5000 samples, ending early with 5470 samples.
Epoch 730, Mean Reward: 691.66
Epoch 731: Reached 5000 samples, ending early with 5000 samples.
Epoch 731, Mean Reward: 997.15
Epoch 732: Reached 5000 samples, ending early with 5000 samples.
Epoch 732, Mean Reward: 841.38
Epoch 733: Reached 5000 samples, ending early with 5000 samples.
Epoch 733, Mean Reward: 900.63
Epoch 734: Reached 5000 samples, ending early with 5334 samples.
Epoch 734, Mean Reward: 756.95
Epoch 735: Reached 5000 samples, ending early with 5518 samples.
Epoch 735, Mean Reward: 650.04
Epoch 736: Reached 5000 samples, ending early with 5462 samples.
Epoch 736, Mean Reward: 836.85
Epoch 737: Reached 5000 samples, ending early with 5415 samples.
Epoch 737, Mean Reward: 778.21
Epoch 738: Reached 5000 samples, ending early with 5000 samples.
Epoch 738, Mean Reward: 936.24
Epoch 739: Reached 5000 samples, ending early with 5930 samples.
Epoch 739, Mean Reward: 854.08
Epoch 740: Reached 5000 samples, ending early with 5888 samples.
Epoch 740, Mean Reward: 643.18
Epoch 741: Reached 5000 samples, ending early with 5401 samples.
Epoch 741, Mean Reward: 787.74
Epoch 742: Reached 5000 samples, ending early with 5570 samples.
Epoch 742, Mean Reward: 818.55
Epoch 743: Reached 5000 samples, ending early with 5120 samples.
Epoch 743, Mean Reward: 713.99
Epoch 744: Reached 5000 samples, ending early with 5000 samples.
Epoch 744, Mean Reward: 874.12
Epoch 745: Reached 5000 samples, ending early with 5893 samples.
Epoch 745, Mean Reward: 1040.83
Epoch 746: Reached 5000 samples, ending early with 5689 samples.
Epoch 746, Mean Reward: 676.41
Epoch 747: Reached 5000 samples, ending early with 5781 samples.
Epoch 747, Mean Reward: 764.68
Epoch 748: Reached 5000 samples, ending early with 5754 samples.
Eval at 4004325 samples: 852.57
Epoch 748, Mean Reward: 780.33
Epoch 749: Reached 5000 samples, ending early with 5068 samples.
Epoch 749, Mean Reward: 806.34
Epoch 750: Reached 5000 samples, ending early with 5000 samples.
Epoch 750, Mean Reward: 980.82
Epoch 751: Reached 5000 samples, ending early with 5204 samples.
Epoch 751, Mean Reward: 840.51
Epoch 752: Reached 5000 samples, ending early with 5587 samples.
Epoch 752, Mean Reward: 716.79
Epoch 753: Reached 5000 samples, ending early with 5921 samples.
Epoch 753, Mean Reward: 732.34
Epoch 754: Reached 5000 samples, ending early with 5000 samples.
Epoch 754, Mean Reward: 927.58
Epoch 755: Reached 5000 samples, ending early with 5000 samples.
Epoch 755, Mean Reward: 975.32
Epoch 756: Reached 5000 samples, ending early with 5066 samples.
Epoch 756, Mean Reward: 919.92
Epoch 757: Reached 5000 samples, ending early with 5108 samples.
Epoch 757, Mean Reward: 892.19
Epoch 758: Reached 5000 samples, ending early with 5905 samples.
Epoch 758, Mean Reward: 819.74
Epoch 759: Reached 5000 samples, ending early with 5500 samples.
Epoch 759, Mean Reward: 676.39
Epoch 760: Reached 5000 samples, ending early with 5175 samples.
Epoch 760, Mean Reward: 870.18
Epoch 761: Reached 5000 samples, ending early with 5364 samples.
Epoch 761, Mean Reward: 889.61
Epoch 762: Reached 5000 samples, ending early with 5000 samples.
Epoch 762, Mean Reward: 914.82
Epoch 763: Reached 5000 samples, ending early with 5377 samples.
Epoch 763, Mean Reward: 901.10
Epoch 764: Reached 5000 samples, ending early with 5460 samples.
Epoch 764, Mean Reward: 874.48
Epoch 765: Reached 5000 samples, ending early with 5287 samples.
Epoch 765, Mean Reward: 988.61
Epoch 766: Reached 5000 samples, ending early with 5731 samples.
Eval at 4100078 samples: 876.88
Epoch 766, Mean Reward: 681.40
Epoch 767: Reached 5000 samples, ending early with 5160 samples.
Epoch 767, Mean Reward: 881.63
Epoch 768: Reached 5000 samples, ending early with 5000 samples.
Epoch 768, Mean Reward: 995.99
Epoch 769: Reached 5000 samples, ending early with 5231 samples.
Epoch 769, Mean Reward: 871.50
Epoch 770: Reached 5000 samples, ending early with 5964 samples.
Epoch 770, Mean Reward: 1072.21
Epoch 771: Reached 5000 samples, ending early with 5247 samples.
Epoch 771, Mean Reward: 949.95
Epoch 772: Reached 5000 samples, ending early with 5591 samples.
Epoch 772, Mean Reward: 872.11
Epoch 773: Reached 5000 samples, ending early with 5916 samples.
Epoch 773, Mean Reward: 847.73
Epoch 774: Reached 5000 samples, ending early with 5499 samples.
Epoch 774, Mean Reward: 807.13
Epoch 775: Reached 5000 samples, ending early with 5000 samples.
Epoch 775, Mean Reward: 878.96
Epoch 776: Reached 5000 samples, ending early with 5480 samples.
Epoch 776, Mean Reward: 727.80
Epoch 777: Reached 5000 samples, ending early with 5842 samples.
Epoch 777, Mean Reward: 788.94
Epoch 778: Reached 5000 samples, ending early with 5292 samples.
Epoch 778, Mean Reward: 727.03
Epoch 779: Reached 5000 samples, ending early with 5961 samples.
Epoch 779, Mean Reward: 1030.22
Epoch 780: Reached 5000 samples, ending early with 5840 samples.
Epoch 780, Mean Reward: 879.82
Epoch 781: Reached 5000 samples, ending early with 5196 samples.
Epoch 781, Mean Reward: 847.15
Epoch 782: Reached 5000 samples, ending early with 5900 samples.
Epoch 782, Mean Reward: 968.98
Epoch 783: Reached 5000 samples, ending early with 5227 samples.
Epoch 783, Mean Reward: 786.58
Epoch 784: Reached 5000 samples, ending early with 5578 samples.
Epoch 784, Mean Reward: 867.25
Epoch 785: Reached 5000 samples, ending early with 5262 samples.
Eval at 4204264 samples: 948.11
Epoch 785, Mean Reward: 761.56
Epoch 786: Reached 5000 samples, ending early with 5571 samples.
Epoch 786, Mean Reward: 912.32
Epoch 787: Reached 5000 samples, ending early with 5000 samples.
Epoch 787, Mean Reward: 1114.68
Epoch 788: Reached 5000 samples, ending early with 5031 samples.
Epoch 788, Mean Reward: 867.03
Epoch 789: Reached 5000 samples, ending early with 5675 samples.
Epoch 789, Mean Reward: 738.61
Epoch 790: Reached 5000 samples, ending early with 5042 samples.
Epoch 790, Mean Reward: 752.71
Epoch 791: Reached 5000 samples, ending early with 5621 samples.
Epoch 791, Mean Reward: 747.96
Epoch 792: Reached 5000 samples, ending early with 5137 samples.
Epoch 792, Mean Reward: 929.89
Epoch 793: Reached 5000 samples, ending early with 5681 samples.
Epoch 793, Mean Reward: 908.08
Epoch 794: Reached 5000 samples, ending early with 5780 samples.
Epoch 794, Mean Reward: 1048.48
Epoch 795: Reached 5000 samples, ending early with 5872 samples.
Epoch 795, Mean Reward: 799.48
Epoch 796: Reached 5000 samples, ending early with 5774 samples.
Epoch 796, Mean Reward: 762.16
Epoch 797: Reached 5000 samples, ending early with 5852 samples.
Epoch 797, Mean Reward: 1093.56
Epoch 798: Reached 5000 samples, ending early with 5841 samples.
Epoch 798, Mean Reward: 1013.90
Epoch 799: Reached 5000 samples, ending early with 5048 samples.
Epoch 799, Mean Reward: 869.78
Epoch 800: Reached 5000 samples, ending early with 5808 samples.
Epoch 800, Mean Reward: 860.43
Epoch 801: Reached 5000 samples, ending early with 5000 samples.
Epoch 801, Mean Reward: 1076.31
Epoch 802: Reached 5000 samples, ending early with 5435 samples.
Epoch 802, Mean Reward: 669.40
Epoch 803: Reached 5000 samples, ending early with 5394 samples.
Eval at 4302826 samples: 754.38
Epoch 803, Mean Reward: 889.19
Epoch 804: Reached 5000 samples, ending early with 5482 samples.
Epoch 804, Mean Reward: 787.04
Epoch 805: Reached 5000 samples, ending early with 5028 samples.
Epoch 805, Mean Reward: 726.29
Epoch 806: Reached 5000 samples, ending early with 5390 samples.
Epoch 806, Mean Reward: 947.57
Epoch 807: Reached 5000 samples, ending early with 5073 samples.
Epoch 807, Mean Reward: 832.58
Epoch 808: Reached 5000 samples, ending early with 5000 samples.
Epoch 808, Mean Reward: 1039.05
Epoch 809: Reached 5000 samples, ending early with 5427 samples.
Epoch 809, Mean Reward: 977.49
Epoch 810: Reached 5000 samples, ending early with 5006 samples.
Epoch 810, Mean Reward: 838.62
Epoch 811: Reached 5000 samples, ending early with 5531 samples.
Epoch 811, Mean Reward: 1043.59
Epoch 812: Reached 5000 samples, ending early with 5548 samples.
Epoch 812, Mean Reward: 964.25
Epoch 813: Reached 5000 samples, ending early with 5850 samples.
Epoch 813, Mean Reward: 757.65
Epoch 814: Reached 5000 samples, ending early with 5000 samples.
Epoch 814, Mean Reward: 959.85
Epoch 815: Reached 5000 samples, ending early with 5246 samples.
Epoch 815, Mean Reward: 779.02
Epoch 816: Reached 5000 samples, ending early with 5706 samples.
Epoch 816, Mean Reward: 778.60
Epoch 817: Reached 5000 samples, ending early with 5113 samples.
Epoch 817, Mean Reward: 882.84
Epoch 818: Reached 5000 samples, ending early with 5783 samples.
Epoch 818, Mean Reward: 884.54
Epoch 819: Reached 5000 samples, ending early with 5709 samples.
Epoch 819, Mean Reward: 936.00
Epoch 820: Reached 5000 samples, ending early with 5000 samples.
Epoch 820, Mean Reward: 1009.19
Epoch 821: Reached 5000 samples, ending early with 5000 samples.
Epoch 821, Mean Reward: 1065.23
Epoch 822: Reached 5000 samples, ending early with 5223 samples.
Eval at 4403941 samples: 1053.56
Epoch 822, Mean Reward: 988.58
Epoch 823: Reached 5000 samples, ending early with 5000 samples.
Epoch 823, Mean Reward: 982.17
Epoch 824: Reached 5000 samples, ending early with 5895 samples.
Epoch 824, Mean Reward: 742.20
Epoch 825: Reached 5000 samples, ending early with 5000 samples.
Epoch 825, Mean Reward: 952.21
Epoch 826: Reached 5000 samples, ending early with 5381 samples.
Epoch 826, Mean Reward: 915.82
Epoch 827: Reached 5000 samples, ending early with 5000 samples.
Epoch 827, Mean Reward: 1016.40
Epoch 828: Reached 5000 samples, ending early with 5434 samples.
Epoch 828, Mean Reward: 817.16
Epoch 829: Reached 5000 samples, ending early with 5422 samples.
Epoch 829, Mean Reward: 905.59
Epoch 830: Reached 5000 samples, ending early with 5480 samples.
Epoch 830, Mean Reward: 860.44
Epoch 831: Reached 5000 samples, ending early with 5630 samples.
Epoch 831, Mean Reward: 925.04
Epoch 832: Reached 5000 samples, ending early with 5624 samples.
Epoch 832, Mean Reward: 1129.39
Epoch 833: Reached 5000 samples, ending early with 5536 samples.
Epoch 833, Mean Reward: 799.50
Epoch 834: Reached 5000 samples, ending early with 5788 samples.
Epoch 834, Mean Reward: 1024.07
Epoch 835: Reached 5000 samples, ending early with 5685 samples.
Epoch 835, Mean Reward: 1027.57
Epoch 836: Reached 5000 samples, ending early with 5183 samples.
Epoch 836, Mean Reward: 844.06
Epoch 837: Reached 5000 samples, ending early with 5972 samples.
Epoch 837, Mean Reward: 1132.64
Epoch 838: Reached 5000 samples, ending early with 5618 samples.
Epoch 838, Mean Reward: 921.17
Epoch 839: Reached 5000 samples, ending early with 5125 samples.
Epoch 839, Mean Reward: 913.77
Epoch 840: Reached 5000 samples, ending early with 5480 samples.
Eval at 4502194 samples: 856.37
Epoch 840, Mean Reward: 1063.72
Epoch 841: Reached 5000 samples, ending early with 5805 samples.
Epoch 841, Mean Reward: 944.16
Epoch 842: Reached 5000 samples, ending early with 5126 samples.
Epoch 842, Mean Reward: 961.73
Epoch 843: Reached 5000 samples, ending early with 5631 samples.
Epoch 843, Mean Reward: 877.49
Epoch 844: Reached 5000 samples, ending early with 5210 samples.
Epoch 844, Mean Reward: 935.02
Epoch 845: Reached 5000 samples, ending early with 5000 samples.
Epoch 845, Mean Reward: 1173.60
Epoch 846: Reached 5000 samples, ending early with 5819 samples.
Epoch 846, Mean Reward: 945.11
Epoch 847: Reached 5000 samples, ending early with 5643 samples.
Epoch 847, Mean Reward: 835.01
Epoch 848: Reached 5000 samples, ending early with 5656 samples.
Epoch 848, Mean Reward: 1045.01
Epoch 849: Reached 5000 samples, ending early with 5756 samples.
Epoch 849, Mean Reward: 882.77
Epoch 850: Reached 5000 samples, ending early with 5797 samples.
Epoch 850, Mean Reward: 994.63
Epoch 851: Reached 5000 samples, ending early with 5000 samples.
Epoch 851, Mean Reward: 1009.79
Epoch 852: Reached 5000 samples, ending early with 5541 samples.
Epoch 852, Mean Reward: 1089.76
Epoch 853: Reached 5000 samples, ending early with 5724 samples.
Epoch 853, Mean Reward: 1008.08
Epoch 854: Reached 5000 samples, ending early with 5000 samples.
Epoch 854, Mean Reward: 1129.21
Epoch 855: Reached 5000 samples, ending early with 5388 samples.
Epoch 855, Mean Reward: 787.32
Epoch 856: Reached 5000 samples, ending early with 5464 samples.
Epoch 856, Mean Reward: 945.94
Epoch 857: Reached 5000 samples, ending early with 5073 samples.
Epoch 857, Mean Reward: 876.91
Epoch 858: Reached 5000 samples, ending early with 5822 samples.
Eval at 4600649 samples: 932.21
Epoch 858, Mean Reward: 1090.78
Epoch 859: Reached 5000 samples, ending early with 5256 samples.
Epoch 859, Mean Reward: 962.69
Epoch 860: Reached 5000 samples, ending early with 5114 samples.
Epoch 860, Mean Reward: 964.95
Epoch 861: Reached 5000 samples, ending early with 5000 samples.
Epoch 861, Mean Reward: 1053.09
Epoch 862: Reached 5000 samples, ending early with 5117 samples.
Epoch 862, Mean Reward: 854.93
Epoch 863: Reached 5000 samples, ending early with 5000 samples.
Epoch 863, Mean Reward: 1258.86
Epoch 864: Reached 5000 samples, ending early with 5000 samples.
Epoch 864, Mean Reward: 1219.61
Epoch 865: Reached 5000 samples, ending early with 5664 samples.
Epoch 865, Mean Reward: 1020.60
Epoch 866: Reached 5000 samples, ending early with 5000 samples.
Epoch 866, Mean Reward: 1137.78
Epoch 867: Reached 5000 samples, ending early with 5741 samples.
Epoch 867, Mean Reward: 897.25
Epoch 868: Reached 5000 samples, ending early with 5000 samples.
Epoch 868, Mean Reward: 1091.48
Epoch 869: Reached 5000 samples, ending early with 5491 samples.
Epoch 869, Mean Reward: 909.73
Epoch 870: Reached 5000 samples, ending early with 5438 samples.
Epoch 870, Mean Reward: 999.62
Epoch 871: Reached 5000 samples, ending early with 5000 samples.
Epoch 871, Mean Reward: 1232.82
Epoch 872: Reached 5000 samples, ending early with 5192 samples.
Epoch 872, Mean Reward: 1058.60
Epoch 873: Reached 5000 samples, ending early with 5324 samples.
Epoch 873, Mean Reward: 1050.73
Epoch 874: Reached 5000 samples, ending early with 5672 samples.
Epoch 874, Mean Reward: 1053.04
Epoch 875: Reached 5000 samples, ending early with 5520 samples.
Epoch 875, Mean Reward: 1127.19
Epoch 876: Reached 5000 samples, ending early with 5000 samples.
Epoch 876, Mean Reward: 1049.04
Epoch 877: Reached 5000 samples, ending early with 5000 samples.
Eval at 4700178 samples: 978.69
Epoch 877, Mean Reward: 1184.36
Epoch 878: Reached 5000 samples, ending early with 5183 samples.
Epoch 878, Mean Reward: 1001.95
Epoch 879: Reached 5000 samples, ending early with 5639 samples.
Epoch 879, Mean Reward: 837.36
Epoch 880: Reached 5000 samples, ending early with 5560 samples.
Epoch 880, Mean Reward: 828.16
Epoch 881: Reached 5000 samples, ending early with 5432 samples.
Epoch 881, Mean Reward: 1170.63
Epoch 882: Reached 5000 samples, ending early with 5683 samples.
Epoch 882, Mean Reward: 1213.82
Epoch 883: Reached 5000 samples, ending early with 5344 samples.
Epoch 883, Mean Reward: 1065.79
Epoch 884: Reached 5000 samples, ending early with 5000 samples.
Epoch 884, Mean Reward: 973.22
Epoch 885: Reached 5000 samples, ending early with 5067 samples.
Epoch 885, Mean Reward: 843.61
Epoch 886: Reached 5000 samples, ending early with 5251 samples.
Epoch 886, Mean Reward: 977.34
Epoch 887: Reached 5000 samples, ending early with 5000 samples.
Epoch 887, Mean Reward: 1288.36
Epoch 888: Reached 5000 samples, ending early with 5124 samples.
Epoch 888, Mean Reward: 913.19
Epoch 889: Reached 5000 samples, ending early with 5357 samples.
Epoch 889, Mean Reward: 1173.30
Epoch 890: Reached 5000 samples, ending early with 5402 samples.
Epoch 890, Mean Reward: 988.59
Epoch 891: Reached 5000 samples, ending early with 5000 samples.
Epoch 891, Mean Reward: 1032.95
Epoch 892: Reached 5000 samples, ending early with 5373 samples.
Epoch 892, Mean Reward: 863.30
Epoch 893: Reached 5000 samples, ending early with 5043 samples.
Epoch 893, Mean Reward: 1007.89
Epoch 894: Reached 5000 samples, ending early with 5915 samples.
Epoch 894, Mean Reward: 949.78
Epoch 895: Reached 5000 samples, ending early with 5979 samples.
Epoch 895, Mean Reward: 991.89
Epoch 896: Reached 5000 samples, ending early with 5073 samples.
Eval at 4801603 samples: 1201.81
Epoch 896, Mean Reward: 1027.41
Epoch 897: Reached 5000 samples, ending early with 5093 samples.
Epoch 897, Mean Reward: 1108.95
Epoch 898: Reached 5000 samples, ending early with 5627 samples.
Epoch 898, Mean Reward: 1009.47
Epoch 899: Reached 5000 samples, ending early with 5271 samples.
Epoch 899, Mean Reward: 1040.59
Epoch 900: Reached 5000 samples, ending early with 5498 samples.
Epoch 900, Mean Reward: 1171.00
Epoch 901: Reached 5000 samples, ending early with 5492 samples.
Epoch 901, Mean Reward: 1190.09
Epoch 902: Reached 5000 samples, ending early with 5042 samples.
Epoch 902, Mean Reward: 785.38
Epoch 903: Reached 5000 samples, ending early with 5937 samples.
Epoch 903, Mean Reward: 1046.21
Epoch 904: Reached 5000 samples, ending early with 5901 samples.
Epoch 904, Mean Reward: 1167.63
Epoch 905: Reached 5000 samples, ending early with 5503 samples.
Epoch 905, Mean Reward: 961.32
Epoch 906: Reached 5000 samples, ending early with 5380 samples.
Epoch 906, Mean Reward: 937.37
Epoch 907: Reached 5000 samples, ending early with 5412 samples.
Epoch 907, Mean Reward: 1179.18
Epoch 908: Reached 5000 samples, ending early with 5466 samples.
Epoch 908, Mean Reward: 977.90
Epoch 909: Reached 5000 samples, ending early with 5851 samples.
Epoch 909, Mean Reward: 1273.83
Epoch 910: Reached 5000 samples, ending early with 5109 samples.
Epoch 910, Mean Reward: 1094.10
Epoch 911: Reached 5000 samples, ending early with 5816 samples.
Epoch 911, Mean Reward: 975.21
Epoch 912: Reached 5000 samples, ending early with 5060 samples.
Epoch 912, Mean Reward: 1037.86
Epoch 913: Reached 5000 samples, ending early with 5115 samples.
Epoch 913, Mean Reward: 1080.54
Epoch 914: Reached 5000 samples, ending early with 5000 samples.
Epoch 914, Mean Reward: 1355.46
Epoch 915: Reached 5000 samples, ending early with 5412 samples.
Eval at 4904588 samples: 1117.98
Epoch 915, Mean Reward: 1097.52
Epoch 916: Reached 5000 samples, ending early with 5385 samples.
Epoch 916, Mean Reward: 1209.38
Epoch 917: Reached 5000 samples, ending early with 5000 samples.
Epoch 917, Mean Reward: 1351.86
Epoch 918: Reached 5000 samples, ending early with 5000 samples.
Epoch 918, Mean Reward: 1333.33
Epoch 919: Reached 5000 samples, ending early with 5608 samples.
Epoch 919, Mean Reward: 1191.97
Epoch 920: Reached 5000 samples, ending early with 5000 samples.
Epoch 920, Mean Reward: 1118.80
Epoch 921: Reached 5000 samples, ending early with 5208 samples.
Epoch 921, Mean Reward: 1102.33
Epoch 922: Reached 5000 samples, ending early with 5888 samples.
Epoch 922, Mean Reward: 1306.97
Epoch 923: Reached 5000 samples, ending early with 5872 samples.
Epoch 923, Mean Reward: 1199.13
Epoch 924: Reached 5000 samples, ending early with 5043 samples.
Epoch 924, Mean Reward: 1126.38
Epoch 925: Reached 5000 samples, ending early with 5972 samples.
Epoch 925, Mean Reward: 1090.81
Epoch 926: Reached 5000 samples, ending early with 5241 samples.
Epoch 926, Mean Reward: 1219.69
Epoch 927: Reached 5000 samples, ending early with 5857 samples.
Epoch 927, Mean Reward: 1334.35
Epoch 928: Reached 5000 samples, ending early with 5731 samples.
Epoch 928, Mean Reward: 1100.59
Epoch 929: Reached 5000 samples, ending early with 5378 samples.
Epoch 929, Mean Reward: 992.58
Epoch 930: Reached 5000 samples, ending early with 5371 samples.
Epoch 930, Mean Reward: 1151.51
Epoch 931: Reached 5000 samples, ending early with 5000 samples.
Epoch 931, Mean Reward: 1251.74
Epoch 932: Reached 5000 samples, ending early with 5375 samples.
Epoch 932, Mean Reward: 955.64
Epoch 933: Reached 5000 samples, ending early with 5000 samples.
Eval at 5001517 samples: 1324.96
Epoch 933, Mean Reward: 1217.35
Epoch 934: Reached 5000 samples, ending early with 5299 samples.
Epoch 934, Mean Reward: 1156.64
Epoch 935: Reached 5000 samples, ending early with 5012 samples.
Epoch 935, Mean Reward: 782.13
Epoch 936: Reached 5000 samples, ending early with 5608 samples.
Epoch 936, Mean Reward: 1039.75
Epoch 937: Reached 5000 samples, ending early with 5324 samples.
Epoch 937, Mean Reward: 1151.47
Epoch 938: Reached 5000 samples, ending early with 5488 samples.
Epoch 938, Mean Reward: 1013.31
Epoch 939: Reached 5000 samples, ending early with 5155 samples.
Epoch 939, Mean Reward: 1175.56
Epoch 940: Reached 5000 samples, ending early with 5000 samples.
Epoch 940, Mean Reward: 1309.47
Epoch 941: Reached 5000 samples, ending early with 5837 samples.
Epoch 941, Mean Reward: 1130.12
Epoch 942: Reached 5000 samples, ending early with 5046 samples.
Epoch 942, Mean Reward: 882.47
Epoch 943: Reached 5000 samples, ending early with 5322 samples.
Epoch 943, Mean Reward: 1167.05
Epoch 944: Reached 5000 samples, ending early with 5719 samples.
Epoch 944, Mean Reward: 1068.74
Epoch 945: Reached 5000 samples, ending early with 5000 samples.
Epoch 945, Mean Reward: 1384.16
Epoch 946: Reached 5000 samples, ending early with 5000 samples.
Epoch 946, Mean Reward: 1365.30
Epoch 947: Reached 5000 samples, ending early with 5000 samples.
Epoch 947, Mean Reward: 1418.65
Epoch 948: Reached 5000 samples, ending early with 5000 samples.
Epoch 948, Mean Reward: 1380.90
Epoch 949: Reached 5000 samples, ending early with 5379 samples.
Epoch 949, Mean Reward: 1114.39
Epoch 950: Reached 5000 samples, ending early with 5782 samples.
Epoch 950, Mean Reward: 922.13
Epoch 951: Reached 5000 samples, ending early with 5400 samples.
Epoch 951, Mean Reward: 1162.33
Epoch 952: Reached 5000 samples, ending early with 5164 samples.
Eval at 5102052 samples: 1049.47
Epoch 952, Mean Reward: 1162.33
Epoch 953: Reached 5000 samples, ending early with 5000 samples.
Epoch 953, Mean Reward: 1366.34
Epoch 954: Reached 5000 samples, ending early with 5000 samples.
Epoch 954, Mean Reward: 1299.87
Epoch 955: Reached 5000 samples, ending early with 5813 samples.
Epoch 955, Mean Reward: 1008.19
Epoch 956: Reached 5000 samples, ending early with 5000 samples.
Epoch 956, Mean Reward: 1191.57
Epoch 957: Reached 5000 samples, ending early with 5200 samples.
Epoch 957, Mean Reward: 1067.87
Epoch 958: Reached 5000 samples, ending early with 5793 samples.
Epoch 958, Mean Reward: 970.16
Epoch 959: Reached 5000 samples, ending early with 5537 samples.
Epoch 959, Mean Reward: 1154.44
Epoch 960: Reached 5000 samples, ending early with 5580 samples.
Epoch 960, Mean Reward: 1065.97
Epoch 961: Reached 5000 samples, ending early with 5656 samples.
Epoch 961, Mean Reward: 1265.98
Epoch 962: Reached 5000 samples, ending early with 5574 samples.
Epoch 962, Mean Reward: 1187.90
Epoch 963: Reached 5000 samples, ending early with 5407 samples.
Epoch 963, Mean Reward: 877.11
Epoch 964: Reached 5000 samples, ending early with 5034 samples.
Epoch 964, Mean Reward: 1109.38
Epoch 965: Reached 5000 samples, ending early with 5024 samples.
Epoch 965, Mean Reward: 1162.58
Epoch 966: Reached 5000 samples, ending early with 5314 samples.
Epoch 966, Mean Reward: 1120.31
Epoch 967: Reached 5000 samples, ending early with 5649 samples.
Epoch 967, Mean Reward: 1311.81
Epoch 968: Reached 5000 samples, ending early with 5160 samples.
Epoch 968, Mean Reward: 829.29
Epoch 969: Reached 5000 samples, ending early with 5000 samples.
Epoch 969, Mean Reward: 1406.94
Epoch 970: Reached 5000 samples, ending early with 5334 samples.
Epoch 970, Mean Reward: 1194.54
Epoch 971: Reached 5000 samples, ending early with 5116 samples.
Eval at 5203243 samples: 1375.34
Epoch 971, Mean Reward: 1159.82
Epoch 972: Reached 5000 samples, ending early with 5000 samples.
Epoch 972, Mean Reward: 1368.51
Epoch 973: Reached 5000 samples, ending early with 5000 samples.
Epoch 973, Mean Reward: 1344.10
Epoch 974: Reached 5000 samples, ending early with 5241 samples.
Epoch 974, Mean Reward: 1207.08
Epoch 975: Reached 5000 samples, ending early with 5318 samples.
Epoch 975, Mean Reward: 1011.40
Epoch 976: Reached 5000 samples, ending early with 5813 samples.
Epoch 976, Mean Reward: 1314.83
Epoch 977: Reached 5000 samples, ending early with 5832 samples.
Epoch 977, Mean Reward: 1370.59
Epoch 978: Reached 5000 samples, ending early with 5624 samples.
Epoch 978, Mean Reward: 1071.19
Epoch 979: Reached 5000 samples, ending early with 5638 samples.
Epoch 979, Mean Reward: 1352.42
Epoch 980: Reached 5000 samples, ending early with 5000 samples.
Epoch 980, Mean Reward: 1354.91
Epoch 981: Reached 5000 samples, ending early with 5000 samples.
Epoch 981, Mean Reward: 1312.89
Epoch 982: Reached 5000 samples, ending early with 5147 samples.
Epoch 982, Mean Reward: 1232.67
Epoch 983: Reached 5000 samples, ending early with 5000 samples.
Epoch 983, Mean Reward: 1231.52
Epoch 984: Reached 5000 samples, ending early with 5546 samples.
Epoch 984, Mean Reward: 1210.63
Epoch 985: Reached 5000 samples, ending early with 5335 samples.
Epoch 985, Mean Reward: 1307.49
Epoch 986: Reached 5000 samples, ending early with 5283 samples.
Epoch 986, Mean Reward: 1155.01
Epoch 987: Reached 5000 samples, ending early with 5283 samples.
Epoch 987, Mean Reward: 1225.32
Epoch 988: Reached 5000 samples, ending early with 5000 samples.
Epoch 988, Mean Reward: 1313.76
Epoch 989: Reached 5000 samples, ending early with 5840 samples.
Epoch 989, Mean Reward: 1201.56
Epoch 990: Reached 5000 samples, ending early with 5048 samples.
Eval at 5304191 samples: 1046.54
Epoch 990, Mean Reward: 880.55
Epoch 991: Reached 5000 samples, ending early with 5000 samples.
Epoch 991, Mean Reward: 1262.72
Epoch 992: Reached 5000 samples, ending early with 5000 samples.
Epoch 992, Mean Reward: 1251.05
Epoch 993: Reached 5000 samples, ending early with 5798 samples.
Epoch 993, Mean Reward: 1113.77
Epoch 994: Reached 5000 samples, ending early with 5455 samples.
Epoch 994, Mean Reward: 1153.92
Epoch 995: Reached 5000 samples, ending early with 5904 samples.
Epoch 995, Mean Reward: 1372.84
Epoch 996: Reached 5000 samples, ending early with 5266 samples.
Epoch 996, Mean Reward: 1236.02
Epoch 997: Reached 5000 samples, ending early with 5446 samples.
Epoch 997, Mean Reward: 1000.96
Epoch 998: Reached 5000 samples, ending early with 5000 samples.
Epoch 998, Mean Reward: 1263.29
Epoch 999: Reached 5000 samples, ending early with 5352 samples.
Epoch 999, Mean Reward: 1148.46
Total samples collected: 5352412
